<?xml version="1.0" encoding="UTF-8"?>
<coverage generated="1778079812886" clover="3.2.0">
  <project timestamp="1778079812886" name="All files">
    <metrics statements="237" coveredstatements="235" conditionals="168" coveredconditionals="164" methods="81" coveredmethods="81" elements="486" coveredelements="480" complexity="0" loc="237" ncloc="237" packages="12" files="21" classes="21"/>
    <package name="config">
      <metrics statements="5" coveredstatements="4" conditionals="4" coveredconditionals="3" methods="1" coveredmethods="1"/>
      <file name="env.ts" path="/Users/crx/Desktop/tumipay-payin/src/config/env.ts">
        <metrics statements="5" coveredstatements="4" conditionals="4" coveredconditionals="3" methods="1" coveredmethods="1"/>
        <line num="7" count="16" type="stmt"/>
        <line num="8" count="32" type="cond" truecount="1" falsecount="1"/>
        <line num="9" count="0" type="stmt"/>
        <line num="12" count="32" type="stmt"/>
        <line num="15" count="16" type="stmt"/>
      </file>
    </package>
    <package name="features.payin">
      <metrics statements="0" coveredstatements="0" conditionals="0" coveredconditionals="0" methods="0" coveredmethods="0"/>
      <file name="index.ts" path="/Users/crx/Desktop/tumipay-payin/src/features/payin/index.ts">
        <metrics statements="0" coveredstatements="0" conditionals="0" coveredconditionals="0" methods="0" coveredmethods="0"/>
      </file>
    </package>
    <package name="features.payin.application.useCases">
      <metrics statements="15" coveredstatements="15" conditionals="14" coveredconditionals="14" methods="6" coveredmethods="6"/>
      <file name="createPayIn.ts" path="/Users/crx/Desktop/tumipay-payin/src/features/payin/application/useCases/createPayIn.ts">
        <metrics statements="9" coveredstatements="9" conditionals="10" coveredconditionals="10" methods="2" coveredmethods="2"/>
        <line num="13" count="15" type="cond" truecount="2" falsecount="0"/>
        <line num="14" count="1" type="stmt"/>
        <line num="16" count="14" type="cond" truecount="4" falsecount="0"/>
        <line num="17" count="2" type="stmt"/>
        <line num="19" count="12" type="cond" truecount="2" falsecount="0"/>
        <line num="20" count="1" type="stmt"/>
        <line num="22" count="11" type="cond" truecount="2" falsecount="0"/>
        <line num="23" count="1" type="stmt"/>
        <line num="27" count="10" type="stmt"/>
      </file>
      <file name="getPayInById.ts" path="/Users/crx/Desktop/tumipay-payin/src/features/payin/application/useCases/getPayInById.ts">
        <metrics statements="3" coveredstatements="3" conditionals="2" coveredconditionals="2" methods="2" coveredmethods="2"/>
        <line num="9" count="15" type="cond" truecount="2" falsecount="0"/>
        <line num="10" count="3" type="stmt"/>
        <line num="13" count="12" type="stmt"/>
      </file>
      <file name="listPayIns.ts" path="/Users/crx/Desktop/tumipay-payin/src/features/payin/application/useCases/listPayIns.ts">
        <metrics statements="3" coveredstatements="3" conditionals="2" coveredconditionals="2" methods="2" coveredmethods="2"/>
        <line num="9" count="16" type="cond" truecount="2" falsecount="0"/>
        <line num="10" count="3" type="stmt"/>
        <line num="13" count="13" type="stmt"/>
      </file>
    </package>
    <package name="features.payin.domain.entities">
      <metrics statements="0" coveredstatements="0" conditionals="0" coveredconditionals="0" methods="0" coveredmethods="0"/>
      <file name="PayIn.ts" path="/Users/crx/Desktop/tumipay-payin/src/features/payin/domain/entities/PayIn.ts">
        <metrics statements="0" coveredstatements="0" conditionals="0" coveredconditionals="0" methods="0" coveredmethods="0"/>
      </file>
    </package>
    <package name="features.payin.infrastructure.api">
      <metrics statements="39" coveredstatements="39" conditionals="10" coveredconditionals="10" methods="13" coveredmethods="13"/>
      <file name="payInApiAdapter.ts" path="/Users/crx/Desktop/tumipay-payin/src/features/payin/infrastructure/api/payInApiAdapter.ts">
        <metrics statements="21" coveredstatements="21" conditionals="8" coveredconditionals="8" methods="4" coveredmethods="4"/>
        <line num="14" count="22" type="stmt"/>
        <line num="15" count="22" type="stmt"/>
        <line num="19" count="16" type="stmt"/>
        <line num="21" count="6" type="stmt"/>
        <line num="26" count="15" type="stmt"/>
        <line num="27" count="15" type="stmt"/>
        <line num="28" count="11" type="stmt"/>
        <line num="30" count="4" type="stmt"/>
        <line num="35" count="11" type="stmt"/>
        <line num="36" count="11" type="stmt"/>
        <line num="37" count="11" type="stmt"/>
        <line num="40" count="10" type="stmt"/>
        <line num="42" count="1" type="stmt"/>
        <line num="47" count="11" type="cond" truecount="2" falsecount="0"/>
        <line num="48" count="10" type="cond" truecount="2" falsecount="0"/>
        <line num="49" count="8" type="stmt"/>
        <line num="50" count="8" type="stmt"/>
        <line num="51" count="8" type="stmt"/>
        <line num="53" count="8" type="stmt"/>
        <line num="59" count="2" type="stmt"/>
        <line num="61" count="1" type="stmt"/>
      </file>
      <file name="payInEndpoints.ts" path="/Users/crx/Desktop/tumipay-payin/src/features/payin/infrastructure/api/payInEndpoints.ts">
        <metrics statements="3" coveredstatements="3" conditionals="0" coveredconditionals="0" methods="2" coveredmethods="2"/>
        <line num="1" count="2" type="stmt"/>
        <line num="3" count="15" type="stmt"/>
        <line num="5" count="11" type="stmt"/>
      </file>
      <file name="payInMockAdapter.ts" path="/Users/crx/Desktop/tumipay-payin/src/features/payin/infrastructure/api/payInMockAdapter.ts">
        <metrics statements="15" coveredstatements="15" conditionals="2" coveredconditionals="2" methods="7" coveredmethods="7"/>
        <line num="10" count="2" type="stmt"/>
        <line num="50" count="25" type="stmt"/>
        <line num="52" count="25" type="stmt"/>
        <line num="54" count="25" type="stmt"/>
        <line num="66" count="25" type="stmt"/>
        <line num="68" count="25" type="stmt"/>
        <line num="73" count="12" type="stmt"/>
        <line num="75" count="12" type="stmt"/>
        <line num="76" count="12" type="cond" truecount="2" falsecount="0"/>
        <line num="77" count="2" type="stmt"/>
        <line num="79" count="10" type="stmt"/>
        <line num="83" count="15" type="stmt"/>
        <line num="85" count="15" type="stmt"/>
        <line num="87" count="15" type="stmt"/>
        <line num="88" count="214" type="stmt"/>
      </file>
    </package>
    <package name="features.payin.infrastructure.http">
      <metrics statements="19" coveredstatements="19" conditionals="3" coveredconditionals="3" methods="12" coveredmethods="12"/>
      <file name="httpClient.ts" path="/Users/crx/Desktop/tumipay-payin/src/features/payin/infrastructure/http/httpClient.ts">
        <metrics statements="19" coveredstatements="19" conditionals="3" coveredconditionals="3" methods="12" coveredmethods="12"/>
        <line num="14" count="23" type="stmt"/>
        <line num="23" count="23" type="stmt"/>
        <line num="26" count="2" type="stmt"/>
        <line num="27" count="2" type="cond" truecount="2" falsecount="0"/>
        <line num="28" count="1" type="stmt"/>
        <line num="30" count="2" type="stmt"/>
        <line num="32" count="1" type="stmt"/>
        <line num="36" count="23" type="stmt"/>
        <line num="37" count="1" type="stmt"/>
        <line num="40" count="1" type="stmt"/>
        <line num="41" count="1" type="stmt"/>
        <line num="47" count="2" type="stmt"/>
        <line num="54" count="1" type="stmt"/>
        <line num="62" count="1" type="stmt"/>
        <line num="70" count="1" type="stmt"/>
        <line num="77" count="1" type="stmt"/>
        <line num="81" count="1" type="stmt"/>
        <line num="85" count="1" type="stmt"/>
        <line num="90" count="16" type="stmt"/>
      </file>
    </package>
    <package name="features.payin.presentation.components">
      <metrics statements="18" coveredstatements="17" conditionals="9" coveredconditionals="8" methods="5" coveredmethods="5"/>
      <file name="PayInCard.tsx" path="/Users/crx/Desktop/tumipay-payin/src/features/payin/presentation/components/PayInCard.tsx">
        <metrics statements="7" coveredstatements="7" conditionals="4" coveredconditionals="4" methods="3" coveredmethods="3"/>
        <line num="18" count="2" type="stmt"/>
        <line num="19" count="43" type="stmt"/>
        <line num="20" count="43" type="stmt"/>
        <line num="26" count="43" type="stmt"/>
        <line num="27" count="43" type="stmt"/>
        <line num="36" count="43" type="stmt"/>
        <line num="90" count="2" type="stmt"/>
      </file>
      <file name="PayInStatusBadge.tsx" path="/Users/crx/Desktop/tumipay-payin/src/features/payin/presentation/components/PayInStatusBadge.tsx">
        <metrics statements="11" coveredstatements="10" conditionals="5" coveredconditionals="4" methods="2" coveredmethods="2"/>
        <line num="10" count="4" type="stmt"/>
        <line num="13" count="60" type="stmt"/>
        <line num="14" count="60" type="cond" truecount="4" falsecount="1"/>
        <line num="16" count="15" type="stmt"/>
        <line num="22" count="3" type="stmt"/>
        <line num="28" count="23" type="stmt"/>
        <line num="34" count="19" type="stmt"/>
        <line num="40" count="0" type="stmt"/>
        <line num="48" count="60" type="stmt"/>
        <line num="50" count="60" type="stmt"/>
        <line num="67" count="4" type="stmt"/>
      </file>
    </package>
    <package name="features.payin.presentation.screens">
      <metrics statements="103" coveredstatements="103" conditionals="102" coveredconditionals="100" methods="32" coveredmethods="32"/>
      <file name="CreatePayInScreen.tsx" path="/Users/crx/Desktop/tumipay-payin/src/features/payin/presentation/screens/CreatePayInScreen.tsx">
        <metrics statements="35" coveredstatements="35" conditionals="42" coveredconditionals="41" methods="10" coveredmethods="10"/>
        <line num="22" count="2" type="stmt"/>
        <line num="25" count="28" type="stmt"/>
        <line num="27" count="28" type="stmt"/>
        <line num="35" count="28" type="stmt"/>
        <line num="37" count="28" type="stmt"/>
        <line num="38" count="5" type="stmt"/>
        <line num="40" count="5" type="cond" truecount="2" falsecount="0"/>
        <line num="41" count="1" type="stmt"/>
        <line num="43" count="5" type="cond" truecount="4" falsecount="0"/>
        <line num="44" count="2" type="stmt"/>
        <line num="46" count="5" type="cond" truecount="2" falsecount="0"/>
        <line num="47" count="1" type="stmt"/>
        <line num="49" count="5" type="cond" truecount="2" falsecount="0"/>
        <line num="50" count="1" type="stmt"/>
        <line num="53" count="5" type="stmt"/>
        <line num="54" count="5" type="stmt"/>
        <line num="57" count="28" type="stmt"/>
        <line num="58" count="5" type="cond" truecount="2" falsecount="0"/>
        <line num="59" count="3" type="stmt"/>
        <line num="62" count="2" type="stmt"/>
        <line num="63" count="2" type="stmt"/>
        <line num="64" count="1" type="stmt"/>
        <line num="69" count="1" type="stmt"/>
        <line num="76" count="1" type="stmt"/>
        <line num="77" count="1" type="stmt"/>
        <line num="83" count="1" type="stmt"/>
        <line num="87" count="28" type="stmt"/>
        <line num="121" count="2" type="stmt"/>
        <line num="144" count="5" type="stmt"/>
        <line num="161" count="2" type="stmt"/>
        <line num="182" count="4" type="stmt"/>
        <line num="201" count="1" type="stmt"/>
        <line num="225" count="2" type="stmt"/>
        <line num="229" count="112" type="stmt"/>
        <line num="235" count="2" type="stmt"/>
      </file>
      <file name="PayInDetailScreen.tsx" path="/Users/crx/Desktop/tumipay-payin/src/features/payin/presentation/screens/PayInDetailScreen.tsx">
        <metrics statements="32" coveredstatements="32" conditionals="35" coveredconditionals="34" methods="10" coveredmethods="10"/>
        <line num="26" count="2" type="stmt"/>
        <line num="29" count="20" type="stmt"/>
        <line num="30" count="20" type="stmt"/>
        <line num="32" count="20" type="stmt"/>
        <line num="33" count="20" type="cond" truecount="3" falsecount="0"/>
        <line num="34" count="20" type="stmt"/>
        <line num="36" count="20" type="stmt"/>
        <line num="37" count="13" type="cond" truecount="4" falsecount="0"/>
        <line num="38" count="3" type="cond" truecount="2" falsecount="0"/>
        <line num="39" count="3" type="stmt"/>
        <line num="43" count="20" type="stmt"/>
        <line num="44" count="6" type="stmt"/>
        <line num="45" count="6" type="stmt"/>
        <line num="46" count="6" type="stmt"/>
        <line num="48" count="2" type="cond" truecount="2" falsecount="0"/>
        <line num="49" count="2" type="stmt"/>
        <line num="53" count="20" type="stmt"/>
        <line num="54" count="3" type="cond" truecount="2" falsecount="0"/>
        <line num="55" count="2" type="stmt"/>
        <line num="59" count="20" type="stmt"/>
        <line num="60" count="4" type="stmt"/>
        <line num="66" count="20" type="stmt"/>
        <line num="67" count="8" type="stmt"/>
        <line num="78" count="20" type="stmt"/>
        <line num="94" count="2" type="stmt"/>
        <line num="95" count="2" type="stmt"/>
        <line num="191" count="1" type="stmt"/>
        <line num="212" count="2" type="stmt"/>
        <line num="216" count="14" type="stmt"/>
        <line num="230" count="2" type="stmt"/>
        <line num="231" count="28" type="stmt"/>
        <line num="237" count="2" type="stmt"/>
      </file>
      <file name="PayInListScreen.tsx" path="/Users/crx/Desktop/tumipay-payin/src/features/payin/presentation/screens/PayInListScreen.tsx">
        <metrics statements="36" coveredstatements="36" conditionals="25" coveredconditionals="25" methods="12" coveredmethods="12"/>
        <line num="29" count="2" type="stmt"/>
        <line num="33" count="15" type="stmt"/>
        <line num="34" count="15" type="stmt"/>
        <line num="35" count="15" type="stmt"/>
        <line num="36" count="15" type="stmt"/>
        <line num="37" count="15" type="stmt"/>
        <line num="39" count="15" type="stmt"/>
        <line num="40" count="11" type="stmt"/>
        <line num="43" count="15" type="stmt"/>
        <line num="44" count="12" type="stmt"/>
        <line num="45" count="12" type="stmt"/>
        <line num="47" count="1" type="stmt"/>
        <line num="51" count="15" type="stmt"/>
        <line num="52" count="1" type="stmt"/>
        <line num="53" count="1" type="stmt"/>
        <line num="54" count="1" type="stmt"/>
        <line num="56" count="1" type="stmt"/>
        <line num="60" count="15" type="stmt"/>
        <line num="61" count="24" type="cond" truecount="2" falsecount="0"/>
        <line num="62" count="24" type="cond" truecount="2" falsecount="0"/>
        <line num="63" count="24" type="cond" truecount="2" falsecount="0"/>
        <line num="66" count="15" type="stmt"/>
        <line num="67" count="2" type="stmt"/>
        <line num="68" count="2" type="cond" truecount="2" falsecount="0"/>
        <line num="70" count="1" type="stmt"/>
        <line num="73" count="1" type="stmt"/>
        <line num="77" count="15" type="stmt"/>
        <line num="85" count="15" type="stmt"/>
        <line num="104" count="1" type="stmt"/>
        <line num="105" count="1" type="stmt"/>
        <line num="129" count="75" type="stmt"/>
        <line num="135" count="2" type="stmt"/>
        <line num="157" count="31" type="stmt"/>
        <line num="159" count="20" type="stmt"/>
        <line num="161" count="2" type="stmt"/>
        <line num="194" count="2" type="stmt"/>
      </file>
    </package>
    <package name="shared">
      <metrics statements="0" coveredstatements="0" conditionals="0" coveredconditionals="0" methods="0" coveredmethods="0"/>
      <file name="index.ts" path="/Users/crx/Desktop/tumipay-payin/src/shared/index.ts">
        <metrics statements="0" coveredstatements="0" conditionals="0" coveredconditionals="0" methods="0" coveredmethods="0"/>
      </file>
    </package>
    <package name="shared.components">
      <metrics statements="10" coveredstatements="10" conditionals="9" coveredconditionals="9" methods="3" coveredmethods="3"/>
      <file name="EmptyState.tsx" path="/Users/crx/Desktop/tumipay-payin/src/shared/components/EmptyState.tsx">
        <metrics statements="3" coveredstatements="3" conditionals="3" coveredconditionals="3" methods="1" coveredmethods="1"/>
        <line num="19" count="5" type="stmt"/>
        <line num="26" count="16" type="stmt"/>
        <line num="42" count="5" type="stmt"/>
      </file>
      <file name="ErrorMessage.tsx" path="/Users/crx/Desktop/tumipay-payin/src/shared/components/ErrorMessage.tsx">
        <metrics statements="3" coveredstatements="3" conditionals="3" coveredconditionals="3" methods="1" coveredmethods="1"/>
        <line num="19" count="5" type="stmt"/>
        <line num="26" count="5" type="stmt"/>
        <line num="39" count="5" type="stmt"/>
      </file>
      <file name="LoadingOverlay.tsx" path="/Users/crx/Desktop/tumipay-payin/src/shared/components/LoadingOverlay.tsx">
        <metrics statements="4" coveredstatements="4" conditionals="3" coveredconditionals="3" methods="1" coveredmethods="1"/>
        <line num="10" count="5" type="stmt"/>
        <line num="14" count="61" type="cond" truecount="2" falsecount="0"/>
        <line num="16" count="4" type="stmt"/>
        <line num="25" count="5" type="stmt"/>
      </file>
    </package>
    <package name="shared.storage">
      <metrics statements="9" coveredstatements="9" conditionals="0" coveredconditionals="0" methods="5" coveredmethods="5"/>
      <file name="authTokenStorage.ts" path="/Users/crx/Desktop/tumipay-payin/src/shared/storage/authTokenStorage.ts">
        <metrics statements="9" coveredstatements="9" conditionals="0" coveredconditionals="0" methods="5" coveredmethods="5"/>
        <line num="3" count="7" type="stmt"/>
        <line num="4" count="7" type="stmt"/>
        <line num="6" count="7" type="stmt"/>
        <line num="8" count="1" type="stmt"/>
        <line num="12" count="1" type="stmt"/>
        <line num="16" count="1" type="stmt"/>
        <line num="20" count="1" type="stmt"/>
        <line num="24" count="1" type="stmt"/>
        <line num="25" count="1" type="stmt"/>
      </file>
    </package>
    <package name="shared.utils">
      <metrics statements="19" coveredstatements="19" conditionals="17" coveredconditionals="17" methods="4" coveredmethods="4"/>
      <file name="errorHandler.ts" path="/Users/crx/Desktop/tumipay-payin/src/shared/utils/errorHandler.ts">
        <metrics statements="19" coveredstatements="19" conditionals="17" coveredconditionals="17" methods="4" coveredmethods="4"/>
        <line num="7" count="15" type="stmt"/>
        <line num="8" count="15" type="stmt"/>
        <line num="9" count="15" type="stmt"/>
        <line num="10" count="15" type="stmt"/>
        <line num="18" count="4" type="stmt"/>
        <line num="19" count="4" type="stmt"/>
        <line num="20" count="4" type="stmt"/>
        <line num="31" count="6" type="stmt"/>
        <line num="32" count="7" type="cond" truecount="2" falsecount="0"/>
        <line num="33" count="2" type="stmt"/>
        <line num="41" count="5" type="cond" truecount="2" falsecount="0"/>
        <line num="42" count="2" type="stmt"/>
        <line num="48" count="3" type="cond" truecount="4" falsecount="0"/>
        <line num="49" count="1" type="stmt"/>
        <line num="57" count="2" type="stmt"/>
        <line num="63" count="6" type="stmt"/>
        <line num="64" count="2" type="cond" truecount="2" falsecount="0"/>
        <line num="65" count="1" type="stmt"/>
        <line num="67" count="1" type="stmt"/>
      </file>
    </package>
  </project>
</coverage>
