{"/Users/crx/Desktop/tumipay-payin/src/config/env.ts": {"path":"/Users/crx/Desktop/tumipay-payin/src/config/env.ts","statementMap":{"0":{"start":{"line":7,"column":20},"end":{"line":13,"column":1}},"1":{"start":{"line":8,"column":2},"end":{"line":10,"column":3}},"2":{"start":{"line":9,"column":4},"end":{"line":9,"column":21}},"3":{"start":{"line":12,"column":2},"end":{"line":12,"column":28}},"4":{"start":{"line":15,"column":19},"end":{"line":19,"column":10}}},"fnMap":{"0":{"name":"(anonymous_0)","decl":{"start":{"line":7,"column":20},"end":{"line":7,"column":21}},"loc":{"start":{"line":7,"column":57},"end":{"line":13,"column":1}},"line":7}},"branchMap":{"0":{"loc":{"start":{"line":8,"column":2},"end":{"line":10,"column":3}},"type":"if","locations":[{"start":{"line":8,"column":2},"end":{"line":10,"column":3}},{"start":{},"end":{}}],"line":8},"1":{"loc":{"start":{"line":17,"column":4},"end":{"line":17,"column":75}},"type":"binary-expr","locations":[{"start":{"line":17,"column":4},"end":{"line":17,"column":43}},{"start":{"line":17,"column":47},"end":{"line":17,"column":75}}],"line":17}},"s":{"0":16,"1":32,"2":0,"3":32,"4":16},"f":{"0":32},"b":{"0":[0,32],"1":[16,16]},"_coverageSchema":"1a1c01bbd47fc00a2c39e90264f33305004495a9","hash":"67c00e465d4627d8ca75d76e8563799ff5105636"}
,"/Users/crx/Desktop/tumipay-payin/src/features/payin/index.ts": {"path":"/Users/crx/Desktop/tumipay-payin/src/features/payin/index.ts","statementMap":{},"fnMap":{},"branchMap":{},"s":{},"f":{},"b":{},"_coverageSchema":"1a1c01bbd47fc00a2c39e90264f33305004495a9","hash":"eacb60b2ad1aebf14727499ab7df4adfc5894008"}
,"/Users/crx/Desktop/tumipay-payin/src/features/payin/application/useCases/createPayIn.ts": {"path":"/Users/crx/Desktop/tumipay-payin/src/features/payin/application/useCases/createPayIn.ts","statementMap":{"0":{"start":{"line":13,"column":4},"end":{"line":15,"column":5}},"1":{"start":{"line":14,"column":6},"end":{"line":14,"column":49}},"2":{"start":{"line":16,"column":4},"end":{"line":18,"column":5}},"3":{"start":{"line":17,"column":6},"end":{"line":17,"column":55}},"4":{"start":{"line":19,"column":4},"end":{"line":21,"column":5}},"5":{"start":{"line":20,"column":6},"end":{"line":20,"column":46}},"6":{"start":{"line":22,"column":4},"end":{"line":24,"column":5}},"7":{"start":{"line":23,"column":6},"end":{"line":23,"column":52}},"8":{"start":{"line":27,"column":4},"end":{"line":27,"column":53}}},"fnMap":{"0":{"name":"(anonymous_0)","decl":{"start":{"line":9,"column":2},"end":{"line":9,"column":3}},"loc":{"start":{"line":9,"column":57},"end":{"line":9,"column":59}},"line":9},"1":{"name":"(anonymous_1)","decl":{"start":{"line":11,"column":2},"end":{"line":11,"column":3}},"loc":{"start":{"line":11,"column":75},"end":{"line":28,"column":3}},"line":11}},"branchMap":{"0":{"loc":{"start":{"line":13,"column":4},"end":{"line":15,"column":5}},"type":"if","locations":[{"start":{"line":13,"column":4},"end":{"line":15,"column":5}},{"start":{},"end":{}}],"line":13},"1":{"loc":{"start":{"line":16,"column":4},"end":{"line":18,"column":5}},"type":"if","locations":[{"start":{"line":16,"column":4},"end":{"line":18,"column":5}},{"start":{},"end":{}}],"line":16},"2":{"loc":{"start":{"line":16,"column":8},"end":{"line":16,"column":46}},"type":"binary-expr","locations":[{"start":{"line":16,"column":8},"end":{"line":16,"column":23}},{"start":{"line":16,"column":27},"end":{"line":16,"column":46}}],"line":16},"3":{"loc":{"start":{"line":19,"column":4},"end":{"line":21,"column":5}},"type":"if","locations":[{"start":{"line":19,"column":4},"end":{"line":21,"column":5}},{"start":{},"end":{}}],"line":19},"4":{"loc":{"start":{"line":22,"column":4},"end":{"line":24,"column":5}},"type":"if","locations":[{"start":{"line":22,"column":4},"end":{"line":24,"column":5}},{"start":{},"end":{}}],"line":22}},"s":{"0":15,"1":1,"2":14,"3":2,"4":12,"5":1,"6":11,"7":1,"8":10},"f":{"0":11,"1":15},"b":{"0":[1,14],"1":[2,12],"2":[14,13],"3":[1,11],"4":[1,10]},"_coverageSchema":"1a1c01bbd47fc00a2c39e90264f33305004495a9","hash":"edf76c18da1c7a9b1904e8e98ea540b15e53df94"}
,"/Users/crx/Desktop/tumipay-payin/src/features/payin/application/useCases/getPayInById.ts": {"path":"/Users/crx/Desktop/tumipay-payin/src/features/payin/application/useCases/getPayInById.ts","statementMap":{"0":{"start":{"line":9,"column":4},"end":{"line":11,"column":5}},"1":{"start":{"line":10,"column":6},"end":{"line":10,"column":40}},"2":{"start":{"line":13,"column":4},"end":{"line":13,"column":49}}},"fnMap":{"0":{"name":"(anonymous_0)","decl":{"start":{"line":6,"column":2},"end":{"line":6,"column":3}},"loc":{"start":{"line":6,"column":57},"end":{"line":6,"column":59}},"line":6},"1":{"name":"(anonymous_1)","decl":{"start":{"line":8,"column":2},"end":{"line":8,"column":3}},"loc":{"start":{"line":8,"column":44},"end":{"line":14,"column":3}},"line":8}},"branchMap":{"0":{"loc":{"start":{"line":9,"column":4},"end":{"line":11,"column":5}},"type":"if","locations":[{"start":{"line":9,"column":4},"end":{"line":11,"column":5}},{"start":{},"end":{}}],"line":9}},"s":{"0":15,"1":3,"2":12},"f":{"0":10,"1":15},"b":{"0":[3,12]},"_coverageSchema":"1a1c01bbd47fc00a2c39e90264f33305004495a9","hash":"e5b05d8514b1e1e6a0f550d8694b53457f67d590"}
,"/Users/crx/Desktop/tumipay-payin/src/features/payin/application/useCases/listPayIns.ts": {"path":"/Users/crx/Desktop/tumipay-payin/src/features/payin/application/useCases/listPayIns.ts","statementMap":{"0":{"start":{"line":9,"column":4},"end":{"line":11,"column":5}},"1":{"start":{"line":10,"column":6},"end":{"line":10,"column":48}},"2":{"start":{"line":13,"column":4},"end":{"line":13,"column":55}}},"fnMap":{"0":{"name":"(anonymous_0)","decl":{"start":{"line":6,"column":2},"end":{"line":6,"column":3}},"loc":{"start":{"line":6,"column":57},"end":{"line":6,"column":59}},"line":6},"1":{"name":"(anonymous_1)","decl":{"start":{"line":8,"column":2},"end":{"line":8,"column":3}},"loc":{"start":{"line":8,"column":54},"end":{"line":14,"column":3}},"line":8}},"branchMap":{"0":{"loc":{"start":{"line":9,"column":4},"end":{"line":11,"column":5}},"type":"if","locations":[{"start":{"line":9,"column":4},"end":{"line":11,"column":5}},{"start":{},"end":{}}],"line":9}},"s":{"0":16,"1":3,"2":13},"f":{"0":16,"1":16},"b":{"0":[3,13]},"_coverageSchema":"1a1c01bbd47fc00a2c39e90264f33305004495a9","hash":"7cf43a6d3cb575434eca3b6d50a2df1e0eb394cd"}
,"/Users/crx/Desktop/tumipay-payin/src/features/payin/domain/entities/PayIn.ts": {"path":"/Users/crx/Desktop/tumipay-payin/src/features/payin/domain/entities/PayIn.ts","statementMap":{},"fnMap":{},"branchMap":{},"s":{},"f":{},"b":{},"_coverageSchema":"1a1c01bbd47fc00a2c39e90264f33305004495a9","hash":"f8e57b7d7615f34f423ccbcc30ee04a512455389"}
,"/Users/crx/Desktop/tumipay-payin/src/features/payin/infrastructure/api/payInApiAdapter.ts": {"path":"/Users/crx/Desktop/tumipay-payin/src/features/payin/infrastructure/api/payInApiAdapter.ts","statementMap":{"0":{"start":{"line":14,"column":4},"end":{"line":22,"column":5}},"1":{"start":{"line":15,"column":23},"end":{"line":18,"column":7}},"2":{"start":{"line":19,"column":6},"end":{"line":19,"column":27}},"3":{"start":{"line":21,"column":6},"end":{"line":21,"column":36}},"4":{"start":{"line":26,"column":4},"end":{"line":31,"column":5}},"5":{"start":{"line":27,"column":23},"end":{"line":27,"column":76}},"6":{"start":{"line":28,"column":6},"end":{"line":28,"column":27}},"7":{"start":{"line":30,"column":6},"end":{"line":30,"column":36}},"8":{"start":{"line":35,"column":4},"end":{"line":35,"column":77}},"9":{"start":{"line":36,"column":4},"end":{"line":43,"column":5}},"10":{"start":{"line":37,"column":23},"end":{"line":39,"column":7}},"11":{"start":{"line":40,"column":6},"end":{"line":40,"column":32}},"12":{"start":{"line":42,"column":6},"end":{"line":42,"column":36}},"13":{"start":{"line":47,"column":4},"end":{"line":60,"column":5}},"14":{"start":{"line":48,"column":6},"end":{"line":58,"column":7}},"15":{"start":{"line":49,"column":27},"end":{"line":49,"column":39}},"16":{"start":{"line":50,"column":23},"end":{"line":50,"column":50}},"17":{"start":{"line":51,"column":26},"end":{"line":51,"column":51}},"18":{"start":{"line":53,"column":8},"end":{"line":57,"column":10}},"19":{"start":{"line":59,"column":6},"end":{"line":59,"column":46}},"20":{"start":{"line":61,"column":4},"end":{"line":61,"column":46}}},"fnMap":{"0":{"name":"(anonymous_0)","decl":{"start":{"line":13,"column":2},"end":{"line":13,"column":3}},"loc":{"start":{"line":13,"column":79},"end":{"line":23,"column":3}},"line":13},"1":{"name":"(anonymous_1)","decl":{"start":{"line":25,"column":2},"end":{"line":25,"column":3}},"loc":{"start":{"line":25,"column":49},"end":{"line":32,"column":3}},"line":25},"2":{"name":"(anonymous_2)","decl":{"start":{"line":34,"column":2},"end":{"line":34,"column":3}},"loc":{"start":{"line":34,"column":57},"end":{"line":44,"column":3}},"line":34},"3":{"name":"(anonymous_3)","decl":{"start":{"line":46,"column":2},"end":{"line":46,"column":3}},"loc":{"start":{"line":46,"column":48},"end":{"line":62,"column":3}},"line":46}},"branchMap":{"0":{"loc":{"start":{"line":47,"column":4},"end":{"line":60,"column":5}},"type":"if","locations":[{"start":{"line":47,"column":4},"end":{"line":60,"column":5}},{"start":{},"end":{}}],"line":47},"1":{"loc":{"start":{"line":48,"column":6},"end":{"line":58,"column":7}},"type":"if","locations":[{"start":{"line":48,"column":6},"end":{"line":58,"column":7}},{"start":{},"end":{}}],"line":48},"2":{"loc":{"start":{"line":54,"column":10},"end":{"line":54,"column":43}},"type":"binary-expr","locations":[{"start":{"line":54,"column":10},"end":{"line":54,"column":28}},{"start":{"line":54,"column":32},"end":{"line":54,"column":43}}],"line":54},"3":{"loc":{"start":{"line":55,"column":10},"end":{"line":55,"column":23}},"type":"binary-expr","locations":[{"start":{"line":55,"column":10},"end":{"line":55,"column":16}},{"start":{"line":55,"column":20},"end":{"line":55,"column":23}}],"line":55}},"s":{"0":22,"1":22,"2":16,"3":6,"4":15,"5":15,"6":11,"7":4,"8":11,"9":11,"10":11,"11":10,"12":1,"13":11,"14":10,"15":8,"16":8,"17":8,"18":8,"19":2,"20":1},"f":{"0":22,"1":15,"2":11,"3":11},"b":{"0":[10,1],"1":[8,2],"2":[8,1],"3":[8,1]},"_coverageSchema":"1a1c01bbd47fc00a2c39e90264f33305004495a9","hash":"a26c6fd0cfd5dc1f36f24c2d8ba10a0738566057"}
,"/Users/crx/Desktop/tumipay-payin/src/features/payin/infrastructure/api/payInEndpoints.ts": {"path":"/Users/crx/Desktop/tumipay-payin/src/features/payin/infrastructure/api/payInEndpoints.ts","statementMap":{"0":{"start":{"line":1,"column":31},"end":{"line":6,"column":10}},"1":{"start":{"line":3,"column":24},"end":{"line":3,"column":39}},"2":{"start":{"line":5,"column":4},"end":{"line":5,"column":59}}},"fnMap":{"0":{"name":"(anonymous_0)","decl":{"start":{"line":3,"column":8},"end":{"line":3,"column":9}},"loc":{"start":{"line":3,"column":24},"end":{"line":3,"column":39}},"line":3},"1":{"name":"(anonymous_1)","decl":{"start":{"line":4,"column":18},"end":{"line":4,"column":19}},"loc":{"start":{"line":5,"column":4},"end":{"line":5,"column":59}},"line":5}},"branchMap":{},"s":{"0":2,"1":15,"2":11},"f":{"0":15,"1":11},"b":{},"_coverageSchema":"1a1c01bbd47fc00a2c39e90264f33305004495a9","hash":"ff50e65cc6c04929231513fc9a4a2060be932c81"}
,"/Users/crx/Desktop/tumipay-payin/src/features/payin/infrastructure/api/payInMockAdapter.ts": {"path":"/Users/crx/Desktop/tumipay-payin/src/features/payin/infrastructure/api/payInMockAdapter.ts","statementMap":{"0":{"start":{"line":10,"column":43},"end":{"line":45,"column":1}},"1":{"start":{"line":50,"column":4},"end":{"line":50,"column":61}},"2":{"start":{"line":50,"column":35},"end":{"line":50,"column":59}},"3":{"start":{"line":52,"column":19},"end":{"line":52,"column":40}},"4":{"start":{"line":54,"column":29},"end":{"line":64,"column":5}},"5":{"start":{"line":66,"column":4},"end":{"line":66,"column":36}},"6":{"start":{"line":68,"column":4},"end":{"line":68,"column":21}},"7":{"start":{"line":73,"column":4},"end":{"line":73,"column":61}},"8":{"start":{"line":73,"column":35},"end":{"line":73,"column":59}},"9":{"start":{"line":75,"column":18},"end":{"line":75,"column":33}},"10":{"start":{"line":76,"column":4},"end":{"line":78,"column":5}},"11":{"start":{"line":77,"column":6},"end":{"line":77,"column":55}},"12":{"start":{"line":79,"column":4},"end":{"line":79,"column":17}},"13":{"start":{"line":83,"column":4},"end":{"line":83,"column":75}},"14":{"start":{"line":85,"column":4},"end":{"line":85,"column":61}},"15":{"start":{"line":85,"column":35},"end":{"line":85,"column":59}},"16":{"start":{"line":87,"column":4},"end":{"line":89,"column":6}},"17":{"start":{"line":88,"column":13},"end":{"line":88,"column":42}}},"fnMap":{"0":{"name":"(anonymous_0)","decl":{"start":{"line":48,"column":2},"end":{"line":48,"column":3}},"loc":{"start":{"line":48,"column":79},"end":{"line":69,"column":3}},"line":48},"1":{"name":"(anonymous_1)","decl":{"start":{"line":50,"column":22},"end":{"line":50,"column":23}},"loc":{"start":{"line":50,"column":35},"end":{"line":50,"column":59}},"line":50},"2":{"name":"(anonymous_2)","decl":{"start":{"line":71,"column":2},"end":{"line":71,"column":3}},"loc":{"start":{"line":71,"column":49},"end":{"line":80,"column":3}},"line":71},"3":{"name":"(anonymous_3)","decl":{"start":{"line":73,"column":22},"end":{"line":73,"column":23}},"loc":{"start":{"line":73,"column":35},"end":{"line":73,"column":59}},"line":73},"4":{"name":"(anonymous_4)","decl":{"start":{"line":82,"column":2},"end":{"line":82,"column":3}},"loc":{"start":{"line":82,"column":58},"end":{"line":90,"column":3}},"line":82},"5":{"name":"(anonymous_5)","decl":{"start":{"line":85,"column":22},"end":{"line":85,"column":23}},"loc":{"start":{"line":85,"column":35},"end":{"line":85,"column":59}},"line":85},"6":{"name":"(anonymous_6)","decl":{"start":{"line":88,"column":6},"end":{"line":88,"column":7}},"loc":{"start":{"line":88,"column":13},"end":{"line":88,"column":42}},"line":88}},"branchMap":{"0":{"loc":{"start":{"line":76,"column":4},"end":{"line":78,"column":5}},"type":"if","locations":[{"start":{"line":76,"column":4},"end":{"line":78,"column":5}},{"start":{},"end":{}}],"line":76}},"s":{"0":2,"1":25,"2":25,"3":25,"4":25,"5":25,"6":25,"7":12,"8":12,"9":12,"10":12,"11":2,"12":10,"13":15,"14":15,"15":15,"16":15,"17":214},"f":{"0":25,"1":25,"2":12,"3":12,"4":15,"5":15,"6":214},"b":{"0":[2,10]},"_coverageSchema":"1a1c01bbd47fc00a2c39e90264f33305004495a9","hash":"a8a70aedcb26c3901965eb7c26b7d28d9fb5cfb8"}
,"/Users/crx/Desktop/tumipay-payin/src/features/payin/infrastructure/http/httpClient.ts": {"path":"/Users/crx/Desktop/tumipay-payin/src/features/payin/infrastructure/http/httpClient.ts","statementMap":{"0":{"start":{"line":14,"column":4},"end":{"line":20,"column":7}},"1":{"start":{"line":23,"column":4},"end":{"line":33,"column":6}},"2":{"start":{"line":26,"column":22},"end":{"line":26,"column":47}},"3":{"start":{"line":27,"column":8},"end":{"line":29,"column":9}},"4":{"start":{"line":28,"column":10},"end":{"line":28,"column":59}},"5":{"start":{"line":30,"column":8},"end":{"line":30,"column":22}},"6":{"start":{"line":32,"column":17},"end":{"line":32,"column":38}},"7":{"start":{"line":36,"column":4},"end":{"line":43,"column":6}},"8":{"start":{"line":37,"column":20},"end":{"line":37,"column":28}},"9":{"start":{"line":40,"column":8},"end":{"line":40,"column":76}},"10":{"start":{"line":41,"column":8},"end":{"line":41,"column":37}},"11":{"start":{"line":47,"column":4},"end":{"line":47,"column":45}},"12":{"start":{"line":54,"column":4},"end":{"line":54,"column":45}},"13":{"start":{"line":62,"column":4},"end":{"line":62,"column":52}},"14":{"start":{"line":70,"column":4},"end":{"line":70,"column":51}},"15":{"start":{"line":77,"column":4},"end":{"line":77,"column":48}},"16":{"start":{"line":81,"column":4},"end":{"line":81,"column":76}},"17":{"start":{"line":85,"column":4},"end":{"line":85,"column":63}},"18":{"start":{"line":90,"column":26},"end":{"line":90,"column":42}}},"fnMap":{"0":{"name":"(anonymous_0)","decl":{"start":{"line":13,"column":2},"end":{"line":13,"column":3}},"loc":{"start":{"line":13,"column":50},"end":{"line":44,"column":3}},"line":13},"1":{"name":"(anonymous_1)","decl":{"start":{"line":24,"column":6},"end":{"line":24,"column":7}},"loc":{"start":{"line":24,"column":24},"end":{"line":31,"column":7}},"line":24},"2":{"name":"(anonymous_2)","decl":{"start":{"line":32,"column":6},"end":{"line":32,"column":7}},"loc":{"start":{"line":32,"column":17},"end":{"line":32,"column":38}},"line":32},"3":{"name":"(anonymous_3)","decl":{"start":{"line":37,"column":6},"end":{"line":37,"column":7}},"loc":{"start":{"line":37,"column":20},"end":{"line":37,"column":28}},"line":37},"4":{"name":"(anonymous_4)","decl":{"start":{"line":38,"column":6},"end":{"line":38,"column":7}},"loc":{"start":{"line":38,"column":29},"end":{"line":42,"column":7}},"line":38},"5":{"name":"(anonymous_5)","decl":{"start":{"line":46,"column":2},"end":{"line":46,"column":3}},"loc":{"start":{"line":46,"column":49},"end":{"line":48,"column":3}},"line":46},"6":{"name":"(anonymous_6)","decl":{"start":{"line":50,"column":2},"end":{"line":50,"column":3}},"loc":{"start":{"line":53,"column":31},"end":{"line":55,"column":3}},"line":53},"7":{"name":"(anonymous_7)","decl":{"start":{"line":57,"column":2},"end":{"line":57,"column":3}},"loc":{"start":{"line":61,"column":31},"end":{"line":63,"column":3}},"line":61},"8":{"name":"(anonymous_8)","decl":{"start":{"line":65,"column":2},"end":{"line":65,"column":3}},"loc":{"start":{"line":69,"column":31},"end":{"line":71,"column":3}},"line":69},"9":{"name":"(anonymous_9)","decl":{"start":{"line":73,"column":2},"end":{"line":73,"column":3}},"loc":{"start":{"line":76,"column":31},"end":{"line":78,"column":3}},"line":76},"10":{"name":"(anonymous_10)","decl":{"start":{"line":80,"column":2},"end":{"line":80,"column":3}},"loc":{"start":{"line":80,"column":36},"end":{"line":82,"column":3}},"line":80},"11":{"name":"(anonymous_11)","decl":{"start":{"line":84,"column":2},"end":{"line":84,"column":3}},"loc":{"start":{"line":84,"column":25},"end":{"line":86,"column":3}},"line":84}},"branchMap":{"0":{"loc":{"start":{"line":13,"column":14},"end":{"line":13,"column":48}},"type":"default-arg","locations":[{"start":{"line":13,"column":32},"end":{"line":13,"column":48}}],"line":13},"1":{"loc":{"start":{"line":27,"column":8},"end":{"line":29,"column":9}},"type":"if","locations":[{"start":{"line":27,"column":8},"end":{"line":29,"column":9}},{"start":{},"end":{}}],"line":27}},"s":{"0":23,"1":23,"2":2,"3":2,"4":1,"5":2,"6":1,"7":23,"8":1,"9":1,"10":1,"11":2,"12":1,"13":1,"14":1,"15":1,"16":1,"17":1,"18":16},"f":{"0":23,"1":2,"2":1,"3":1,"4":1,"5":2,"6":1,"7":1,"8":1,"9":1,"10":1,"11":1},"b":{"0":[21],"1":[1,1]},"_coverageSchema":"1a1c01bbd47fc00a2c39e90264f33305004495a9","hash":"3d91d7fc0d7854a6e8c468c352d4765164b105ab"}
,"/Users/crx/Desktop/tumipay-payin/src/features/payin/presentation/components/PayInCard.tsx": {"path":"/Users/crx/Desktop/tumipay-payin/src/features/payin/presentation/components/PayInCard.tsx","statementMap":{"0":{"start":{"line":18,"column":51},"end":{"line":88,"column":1}},"1":{"start":{"line":19,"column":25},"end":{"line":24,"column":3}},"2":{"start":{"line":20,"column":4},"end":{"line":23,"column":22}},"3":{"start":{"line":26,"column":21},"end":{"line":34,"column":3}},"4":{"start":{"line":27,"column":4},"end":{"line":33,"column":7}},"5":{"start":{"line":36,"column":2},"end":{"line":87,"column":4}},"6":{"start":{"line":90,"column":15},"end":{"line":171,"column":2}}},"fnMap":{"0":{"name":"(anonymous_0)","decl":{"start":{"line":18,"column":51},"end":{"line":18,"column":52}},"loc":{"start":{"line":18,"column":75},"end":{"line":88,"column":1}},"line":18},"1":{"name":"(anonymous_1)","decl":{"start":{"line":19,"column":25},"end":{"line":19,"column":26}},"loc":{"start":{"line":19,"column":63},"end":{"line":24,"column":3}},"line":19},"2":{"name":"(anonymous_2)","decl":{"start":{"line":26,"column":21},"end":{"line":26,"column":22}},"loc":{"start":{"line":26,"column":45},"end":{"line":34,"column":3}},"line":26}},"branchMap":{"0":{"loc":{"start":{"line":67,"column":9},"end":{"line":72,"column":9}},"type":"binary-expr","locations":[{"start":{"line":67,"column":9},"end":{"line":67,"column":26}},{"start":{"line":68,"column":10},"end":{"line":71,"column":17}}],"line":67},"1":{"loc":{"start":{"line":79,"column":9},"end":{"line":84,"column":9}},"type":"binary-expr","locations":[{"start":{"line":79,"column":9},"end":{"line":79,"column":28}},{"start":{"line":80,"column":10},"end":{"line":83,"column":17}}],"line":79}},"s":{"0":2,"1":43,"2":43,"3":43,"4":43,"5":43,"6":2},"f":{"0":43,"1":43,"2":43},"b":{"0":[43,42],"1":[43,12]},"_coverageSchema":"1a1c01bbd47fc00a2c39e90264f33305004495a9","hash":"576f71f0e3fda2e3f6002304d49d7cbcc0af4997"}
,"/Users/crx/Desktop/tumipay-payin/src/features/payin/presentation/components/PayInStatusBadge.tsx": {"path":"/Users/crx/Desktop/tumipay-payin/src/features/payin/presentation/components/PayInStatusBadge.tsx","statementMap":{"0":{"start":{"line":10,"column":65},"end":{"line":65,"column":1}},"1":{"start":{"line":13,"column":26},"end":{"line":46,"column":3}},"2":{"start":{"line":14,"column":4},"end":{"line":45,"column":5}},"3":{"start":{"line":16,"column":8},"end":{"line":20,"column":10}},"4":{"start":{"line":22,"column":8},"end":{"line":26,"column":10}},"5":{"start":{"line":28,"column":8},"end":{"line":32,"column":10}},"6":{"start":{"line":34,"column":8},"end":{"line":38,"column":10}},"7":{"start":{"line":40,"column":8},"end":{"line":44,"column":10}},"8":{"start":{"line":48,"column":17},"end":{"line":48,"column":40}},"9":{"start":{"line":50,"column":2},"end":{"line":64,"column":4}},"10":{"start":{"line":67,"column":20},"end":{"line":79,"column":2}}},"fnMap":{"0":{"name":"(anonymous_0)","decl":{"start":{"line":10,"column":65},"end":{"line":10,"column":66}},"loc":{"start":{"line":12,"column":6},"end":{"line":65,"column":1}},"line":12},"1":{"name":"(anonymous_1)","decl":{"start":{"line":13,"column":26},"end":{"line":13,"column":27}},"loc":{"start":{"line":13,"column":51},"end":{"line":46,"column":3}},"line":13}},"branchMap":{"0":{"loc":{"start":{"line":14,"column":4},"end":{"line":45,"column":5}},"type":"switch","locations":[{"start":{"line":15,"column":6},"end":{"line":20,"column":10}},{"start":{"line":21,"column":6},"end":{"line":26,"column":10}},{"start":{"line":27,"column":6},"end":{"line":32,"column":10}},{"start":{"line":33,"column":6},"end":{"line":38,"column":10}},{"start":{"line":39,"column":6},"end":{"line":44,"column":10}}],"line":14}},"s":{"0":4,"1":60,"2":60,"3":15,"4":3,"5":23,"6":19,"7":0,"8":60,"9":60,"10":4},"f":{"0":60,"1":60},"b":{"0":[15,3,23,19,0]},"_coverageSchema":"1a1c01bbd47fc00a2c39e90264f33305004495a9","hash":"b5eeb5b4582a4e61769814fa7b3bff7cd5cb3cff"}
,"/Users/crx/Desktop/tumipay-payin/src/features/payin/presentation/screens/CreatePayInScreen.tsx": {"path":"/Users/crx/Desktop/tumipay-payin/src/features/payin/presentation/screens/CreatePayInScreen.tsx","statementMap":{"0":{"start":{"line":22,"column":67},"end":{"line":223,"column":1}},"1":{"start":{"line":25,"column":54},"end":{"line":25,"column":69}},"2":{"start":{"line":27,"column":34},"end":{"line":33,"column":4}},"3":{"start":{"line":35,"column":50},"end":{"line":35,"column":86}},"4":{"start":{"line":37,"column":23},"end":{"line":55,"column":3}},"5":{"start":{"line":38,"column":43},"end":{"line":38,"column":45}},"6":{"start":{"line":40,"column":4},"end":{"line":42,"column":5}},"7":{"start":{"line":41,"column":6},"end":{"line":41,"column":53}},"8":{"start":{"line":43,"column":4},"end":{"line":45,"column":5}},"9":{"start":{"line":44,"column":6},"end":{"line":44,"column":54}},"10":{"start":{"line":46,"column":4},"end":{"line":48,"column":5}},"11":{"start":{"line":47,"column":6},"end":{"line":47,"column":47}},"12":{"start":{"line":49,"column":4},"end":{"line":51,"column":5}},"13":{"start":{"line":50,"column":6},"end":{"line":50,"column":59}},"14":{"start":{"line":53,"column":4},"end":{"line":53,"column":32}},"15":{"start":{"line":54,"column":4},"end":{"line":54,"column":44}},"16":{"start":{"line":57,"column":28},"end":{"line":85,"column":3}},"17":{"start":{"line":58,"column":4},"end":{"line":60,"column":5}},"18":{"start":{"line":59,"column":6},"end":{"line":59,"column":13}},"19":{"start":{"line":62,"column":4},"end":{"line":84,"column":5}},"20":{"start":{"line":63,"column":6},"end":{"line":63,"column":34}},"21":{"start":{"line":64,"column":6},"end":{"line":80,"column":9}},"22":{"start":{"line":69,"column":12},"end":{"line":75,"column":15}},"23":{"start":{"line":76,"column":12},"end":{"line":76,"column":36}},"24":{"start":{"line":77,"column":12},"end":{"line":77,"column":26}},"25":{"start":{"line":83,"column":6},"end":{"line":83,"column":52}},"26":{"start":{"line":87,"column":2},"end":{"line":222,"column":4}},"27":{"start":{"line":121,"column":14},"end":{"line":121,"column":61}},"28":{"start":{"line":144,"column":16},"end":{"line":147,"column":18}},"29":{"start":{"line":161,"column":16},"end":{"line":161,"column":74}},"30":{"start":{"line":182,"column":14},"end":{"line":182,"column":64}},"31":{"start":{"line":201,"column":14},"end":{"line":201,"column":61}},"32":{"start":{"line":225,"column":62},"end":{"line":233,"column":1}},"33":{"start":{"line":229,"column":2},"end":{"line":232,"column":9}},"34":{"start":{"line":235,"column":15},"end":{"line":317,"column":2}}},"fnMap":{"0":{"name":"(anonymous_0)","decl":{"start":{"line":22,"column":67},"end":{"line":22,"column":68}},"loc":{"start":{"line":24,"column":6},"end":{"line":223,"column":1}},"line":24},"1":{"name":"(anonymous_1)","decl":{"start":{"line":37,"column":23},"end":{"line":37,"column":24}},"loc":{"start":{"line":37,"column":38},"end":{"line":55,"column":3}},"line":37},"2":{"name":"(anonymous_2)","decl":{"start":{"line":57,"column":28},"end":{"line":57,"column":29}},"loc":{"start":{"line":57,"column":40},"end":{"line":85,"column":3}},"line":57},"3":{"name":"(anonymous_3)","decl":{"start":{"line":67,"column":19},"end":{"line":67,"column":20}},"loc":{"start":{"line":67,"column":25},"end":{"line":78,"column":11}},"line":67},"4":{"name":"(anonymous_4)","decl":{"start":{"line":120,"column":26},"end":{"line":120,"column":27}},"loc":{"start":{"line":121,"column":14},"end":{"line":121,"column":61}},"line":121},"5":{"name":"(anonymous_5)","decl":{"start":{"line":143,"column":28},"end":{"line":143,"column":29}},"loc":{"start":{"line":144,"column":16},"end":{"line":147,"column":18}},"line":144},"6":{"name":"(anonymous_6)","decl":{"start":{"line":160,"column":28},"end":{"line":160,"column":29}},"loc":{"start":{"line":161,"column":16},"end":{"line":161,"column":74}},"line":161},"7":{"name":"(anonymous_7)","decl":{"start":{"line":181,"column":26},"end":{"line":181,"column":27}},"loc":{"start":{"line":182,"column":14},"end":{"line":182,"column":64}},"line":182},"8":{"name":"(anonymous_8)","decl":{"start":{"line":200,"column":26},"end":{"line":200,"column":27}},"loc":{"start":{"line":201,"column":14},"end":{"line":201,"column":61}},"line":201},"9":{"name":"(anonymous_9)","decl":{"start":{"line":225,"column":62},"end":{"line":225,"column":63}},"loc":{"start":{"line":229,"column":2},"end":{"line":232,"column":9}},"line":229}},"branchMap":{"0":{"loc":{"start":{"line":40,"column":4},"end":{"line":42,"column":5}},"type":"if","locations":[{"start":{"line":40,"column":4},"end":{"line":42,"column":5}},{"start":{},"end":{}}],"line":40},"1":{"loc":{"start":{"line":43,"column":4},"end":{"line":45,"column":5}},"type":"if","locations":[{"start":{"line":43,"column":4},"end":{"line":45,"column":5}},{"start":{},"end":{}}],"line":43},"2":{"loc":{"start":{"line":43,"column":8},"end":{"line":43,"column":48}},"type":"binary-expr","locations":[{"start":{"line":43,"column":8},"end":{"line":43,"column":24}},{"start":{"line":43,"column":28},"end":{"line":43,"column":48}}],"line":43},"3":{"loc":{"start":{"line":46,"column":4},"end":{"line":48,"column":5}},"type":"if","locations":[{"start":{"line":46,"column":4},"end":{"line":48,"column":5}},{"start":{},"end":{}}],"line":46},"4":{"loc":{"start":{"line":49,"column":4},"end":{"line":51,"column":5}},"type":"if","locations":[{"start":{"line":49,"column":4},"end":{"line":51,"column":5}},{"start":{},"end":{}}],"line":49},"5":{"loc":{"start":{"line":58,"column":4},"end":{"line":60,"column":5}},"type":"if","locations":[{"start":{"line":58,"column":4},"end":{"line":60,"column":5}},{"start":{},"end":{}}],"line":58},"6":{"loc":{"start":{"line":89,"column":16},"end":{"line":89,"column":60}},"type":"cond-expr","locations":[{"start":{"line":89,"column":40},"end":{"line":89,"column":49}},{"start":{"line":89,"column":52},"end":{"line":89,"column":60}}],"line":89},"7":{"loc":{"start":{"line":100,"column":9},"end":{"line":108,"column":9}},"type":"binary-expr","locations":[{"start":{"line":100,"column":9},"end":{"line":100,"column":14}},{"start":{"line":101,"column":10},"end":{"line":107,"column":12}}],"line":100},"8":{"loc":{"start":{"line":116,"column":14},"end":{"line":116,"column":63}},"type":"binary-expr","locations":[{"start":{"line":116,"column":14},"end":{"line":116,"column":42}},{"start":{"line":116,"column":46},"end":{"line":116,"column":63}}],"line":116},"9":{"loc":{"start":{"line":125,"column":11},"end":{"line":127,"column":11}},"type":"binary-expr","locations":[{"start":{"line":125,"column":11},"end":{"line":125,"column":39}},{"start":{"line":126,"column":12},"end":{"line":126,"column":80}}],"line":125},"10":{"loc":{"start":{"line":138,"column":16},"end":{"line":138,"column":60}},"type":"binary-expr","locations":[{"start":{"line":138,"column":16},"end":{"line":138,"column":39}},{"start":{"line":138,"column":43},"end":{"line":138,"column":60}}],"line":138},"11":{"loc":{"start":{"line":142,"column":21},"end":{"line":142,"column":67}},"type":"cond-expr","locations":[{"start":{"line":142,"column":39},"end":{"line":142,"column":62}},{"start":{"line":142,"column":65},"end":{"line":142,"column":67}}],"line":142},"12":{"loc":{"start":{"line":146,"column":26},"end":{"line":146,"column":53}},"type":"cond-expr","locations":[{"start":{"line":146,"column":33},"end":{"line":146,"column":49}},{"start":{"line":146,"column":52},"end":{"line":146,"column":53}}],"line":146},"13":{"loc":{"start":{"line":155,"column":16},"end":{"line":155,"column":62}},"type":"binary-expr","locations":[{"start":{"line":155,"column":16},"end":{"line":155,"column":41}},{"start":{"line":155,"column":45},"end":{"line":155,"column":62}}],"line":155},"14":{"loc":{"start":{"line":166,"column":11},"end":{"line":168,"column":11}},"type":"binary-expr","locations":[{"start":{"line":166,"column":11},"end":{"line":166,"column":34}},{"start":{"line":167,"column":12},"end":{"line":167,"column":75}}],"line":166},"15":{"loc":{"start":{"line":177,"column":14},"end":{"line":177,"column":66}},"type":"binary-expr","locations":[{"start":{"line":177,"column":14},"end":{"line":177,"column":45}},{"start":{"line":177,"column":49},"end":{"line":177,"column":66}}],"line":177},"16":{"loc":{"start":{"line":186,"column":11},"end":{"line":190,"column":11}},"type":"binary-expr","locations":[{"start":{"line":186,"column":11},"end":{"line":186,"column":42}},{"start":{"line":187,"column":12},"end":{"line":189,"column":19}}],"line":186},"17":{"loc":{"start":{"line":199,"column":19},"end":{"line":199,"column":45}},"type":"binary-expr","locations":[{"start":{"line":199,"column":19},"end":{"line":199,"column":39}},{"start":{"line":199,"column":43},"end":{"line":199,"column":45}}],"line":199},"18":{"loc":{"start":{"line":211,"column":39},"end":{"line":211,"column":77}},"type":"binary-expr","locations":[{"start":{"line":211,"column":39},"end":{"line":211,"column":46}},{"start":{"line":211,"column":50},"end":{"line":211,"column":77}}],"line":211},"19":{"loc":{"start":{"line":216,"column":13},"end":{"line":216,"column":55}},"type":"cond-expr","locations":[{"start":{"line":216,"column":23},"end":{"line":216,"column":36}},{"start":{"line":216,"column":39},"end":{"line":216,"column":55}}],"line":216},"20":{"loc":{"start":{"line":231,"column":5},"end":{"line":231,"column":63}},"type":"binary-expr","locations":[{"start":{"line":231,"column":5},"end":{"line":231,"column":13}},{"start":{"line":231,"column":17},"end":{"line":231,"column":63}}],"line":231}},"s":{"0":2,"1":28,"2":28,"3":28,"4":28,"5":5,"6":5,"7":1,"8":5,"9":2,"10":5,"11":1,"12":5,"13":1,"14":5,"15":5,"16":28,"17":5,"18":3,"19":2,"20":2,"21":1,"22":1,"23":1,"24":1,"25":1,"26":28,"27":2,"28":5,"29":2,"30":4,"31":1,"32":2,"33":112,"34":2},"f":{"0":28,"1":5,"2":5,"3":1,"4":2,"5":5,"6":2,"7":4,"8":1,"9":112},"b":{"0":[1,4],"1":[2,3],"2":[5,3],"3":[1,4],"4":[1,4],"5":[3,2],"6":[28,0],"7":[28,1],"8":[28,1],"9":[28,1],"10":[28,2],"11":[12,16],"12":[4,1],"13":[28,1],"14":[28,2],"15":[28,1],"16":[28,1],"17":[28,27],"18":[28,1],"19":[1,27],"20":[112,84]},"_coverageSchema":"1a1c01bbd47fc00a2c39e90264f33305004495a9","hash":"448c4050aabba0c2e139fa995f879b1a6fab33b6"}
,"/Users/crx/Desktop/tumipay-payin/src/features/payin/presentation/screens/PayInDetailScreen.tsx": {"path":"/Users/crx/Desktop/tumipay-payin/src/features/payin/presentation/screens/PayInDetailScreen.tsx","statementMap":{"0":{"start":{"line":26,"column":67},"end":{"line":210,"column":1}},"1":{"start":{"line":29,"column":16},"end":{"line":29,"column":48}},"2":{"start":{"line":30,"column":23},"end":{"line":30,"column":44}},"3":{"start":{"line":32,"column":4},"end":{"line":32,"column":19}},"4":{"start":{"line":33,"column":34},"end":{"line":33,"column":89}},"5":{"start":{"line":34,"column":38},"end":{"line":34,"column":67}},"6":{"start":{"line":36,"column":2},"end":{"line":41,"column":37}},"7":{"start":{"line":37,"column":4},"end":{"line":40,"column":5}},"8":{"start":{"line":38,"column":23},"end":{"line":38,"column":53}},"9":{"start":{"line":39,"column":6},"end":{"line":39,"column":27}},"10":{"start":{"line":43,"column":20},"end":{"line":51,"column":3}},"11":{"start":{"line":44,"column":4},"end":{"line":44,"column":24}},"12":{"start":{"line":45,"column":4},"end":{"line":50,"column":5}},"13":{"start":{"line":46,"column":6},"end":{"line":46,"column":29}},"14":{"start":{"line":48,"column":22},"end":{"line":48,"column":82}},"15":{"start":{"line":49,"column":6},"end":{"line":49,"column":29}},"16":{"start":{"line":53,"column":23},"end":{"line":57,"column":3}},"17":{"start":{"line":54,"column":4},"end":{"line":56,"column":5}},"18":{"start":{"line":55,"column":6},"end":{"line":55,"column":33}},"19":{"start":{"line":59,"column":25},"end":{"line":64,"column":3}},"20":{"start":{"line":60,"column":4},"end":{"line":63,"column":22}},"21":{"start":{"line":66,"column":21},"end":{"line":76,"column":3}},"22":{"start":{"line":67,"column":4},"end":{"line":75,"column":7}},"23":{"start":{"line":78,"column":2},"end":{"line":209,"column":4}},"24":{"start":{"line":94,"column":14},"end":{"line":94,"column":27}},"25":{"start":{"line":95,"column":14},"end":{"line":95,"column":34}},"26":{"start":{"line":191,"column":29},"end":{"line":191,"column":55}},"27":{"start":{"line":212,"column":67},"end":{"line":224,"column":1}},"28":{"start":{"line":216,"column":2},"end":{"line":223,"column":9}},"29":{"start":{"line":230,"column":5},"end":{"line":235,"column":1}},"30":{"start":{"line":231,"column":2},"end":{"line":234,"column":9}},"31":{"start":{"line":237,"column":15},"end":{"line":384,"column":2}}},"fnMap":{"0":{"name":"(anonymous_0)","decl":{"start":{"line":26,"column":67},"end":{"line":26,"column":68}},"loc":{"start":{"line":28,"column":6},"end":{"line":210,"column":1}},"line":28},"1":{"name":"(anonymous_1)","decl":{"start":{"line":36,"column":12},"end":{"line":36,"column":13}},"loc":{"start":{"line":36,"column":18},"end":{"line":41,"column":3}},"line":36},"2":{"name":"(anonymous_2)","decl":{"start":{"line":43,"column":20},"end":{"line":43,"column":21}},"loc":{"start":{"line":43,"column":42},"end":{"line":51,"column":3}},"line":43},"3":{"name":"(anonymous_3)","decl":{"start":{"line":53,"column":23},"end":{"line":53,"column":24}},"loc":{"start":{"line":53,"column":29},"end":{"line":57,"column":3}},"line":53},"4":{"name":"(anonymous_4)","decl":{"start":{"line":59,"column":25},"end":{"line":59,"column":26}},"loc":{"start":{"line":59,"column":63},"end":{"line":64,"column":3}},"line":59},"5":{"name":"(anonymous_5)","decl":{"start":{"line":66,"column":21},"end":{"line":66,"column":22}},"loc":{"start":{"line":66,"column":45},"end":{"line":76,"column":3}},"line":66},"6":{"name":"(anonymous_6)","decl":{"start":{"line":93,"column":22},"end":{"line":93,"column":23}},"loc":{"start":{"line":93,"column":28},"end":{"line":96,"column":13}},"line":93},"7":{"name":"(anonymous_7)","decl":{"start":{"line":191,"column":23},"end":{"line":191,"column":24}},"loc":{"start":{"line":191,"column":29},"end":{"line":191,"column":55}},"line":191},"8":{"name":"(anonymous_8)","decl":{"start":{"line":212,"column":67},"end":{"line":212,"column":68}},"loc":{"start":{"line":216,"column":2},"end":{"line":223,"column":9}},"line":216},"9":{"name":"(anonymous_9)","decl":{"start":{"line":230,"column":5},"end":{"line":230,"column":6}},"loc":{"start":{"line":231,"column":2},"end":{"line":234,"column":9}},"line":231}},"branchMap":{"0":{"loc":{"start":{"line":33,"column":43},"end":{"line":33,"column":88}},"type":"binary-expr","locations":[{"start":{"line":33,"column":43},"end":{"line":33,"column":55}},{"start":{"line":33,"column":59},"end":{"line":33,"column":73}},{"start":{"line":33,"column":77},"end":{"line":33,"column":88}}],"line":33},"1":{"loc":{"start":{"line":37,"column":4},"end":{"line":40,"column":5}},"type":"if","locations":[{"start":{"line":37,"column":4},"end":{"line":40,"column":5}},{"start":{},"end":{}}],"line":37},"2":{"loc":{"start":{"line":37,"column":8},"end":{"line":37,"column":38}},"type":"binary-expr","locations":[{"start":{"line":37,"column":8},"end":{"line":37,"column":20}},{"start":{"line":37,"column":24},"end":{"line":37,"column":38}}],"line":37},"3":{"loc":{"start":{"line":38,"column":23},"end":{"line":38,"column":53}},"type":"binary-expr","locations":[{"start":{"line":38,"column":23},"end":{"line":38,"column":35}},{"start":{"line":38,"column":39},"end":{"line":38,"column":53}}],"line":38},"4":{"loc":{"start":{"line":48,"column":22},"end":{"line":48,"column":82}},"type":"cond-expr","locations":[{"start":{"line":48,"column":45},"end":{"line":48,"column":56}},{"start":{"line":48,"column":59},"end":{"line":48,"column":82}}],"line":48},"5":{"loc":{"start":{"line":54,"column":4},"end":{"line":56,"column":5}},"type":"if","locations":[{"start":{"line":54,"column":4},"end":{"line":56,"column":5}},{"start":{},"end":{}}],"line":54},"6":{"loc":{"start":{"line":88,"column":9},"end":{"line":99,"column":9}},"type":"binary-expr","locations":[{"start":{"line":88,"column":10},"end":{"line":88,"column":15}},{"start":{"line":88,"column":19},"end":{"line":88,"column":29}},{"start":{"line":89,"column":10},"end":{"line":98,"column":12}}],"line":88},"7":{"loc":{"start":{"line":91,"column":21},"end":{"line":91,"column":59}},"type":"binary-expr","locations":[{"start":{"line":91,"column":21},"end":{"line":91,"column":26}},{"start":{"line":91,"column":30},"end":{"line":91,"column":40}},{"start":{"line":91,"column":44},"end":{"line":91,"column":59}}],"line":91},"8":{"loc":{"start":{"line":111,"column":43},"end":{"line":111,"column":81}},"type":"binary-expr","locations":[{"start":{"line":111,"column":43},"end":{"line":111,"column":50}},{"start":{"line":111,"column":54},"end":{"line":111,"column":81}}],"line":111},"9":{"loc":{"start":{"line":115,"column":15},"end":{"line":119,"column":15}},"type":"cond-expr","locations":[{"start":{"line":116,"column":16},"end":{"line":116,"column":64}},{"start":{"line":118,"column":16},"end":{"line":118,"column":67}}],"line":115},"10":{"loc":{"start":{"line":124,"column":9},"end":{"line":205,"column":16}},"type":"cond-expr","locations":[{"start":{"line":125,"column":10},"end":{"line":198,"column":17}},{"start":{"line":199,"column":12},"end":{"line":205,"column":16}}],"line":124},"11":{"loc":{"start":{"line":159,"column":13},"end":{"line":166,"column":13}},"type":"binary-expr","locations":[{"start":{"line":159,"column":13},"end":{"line":159,"column":37}},{"start":{"line":160,"column":14},"end":{"line":165,"column":21}}],"line":159},"12":{"loc":{"start":{"line":180,"column":13},"end":{"line":187,"column":13}},"type":"binary-expr","locations":[{"start":{"line":180,"column":13},"end":{"line":180,"column":39}},{"start":{"line":181,"column":14},"end":{"line":186,"column":21}}],"line":180},"13":{"loc":{"start":{"line":195,"column":17},"end":{"line":195,"column":54}},"type":"cond-expr","locations":[{"start":{"line":195,"column":27},"end":{"line":195,"column":42}},{"start":{"line":195,"column":45},"end":{"line":195,"column":54}}],"line":195},"14":{"loc":{"start":{"line":199,"column":12},"end":{"line":205,"column":16}},"type":"cond-expr","locations":[{"start":{"line":200,"column":10},"end":{"line":204,"column":12}},{"start":{"line":205,"column":12},"end":{"line":205,"column":16}}],"line":199},"15":{"loc":{"start":{"line":219,"column":6},"end":{"line":219,"column":35}},"type":"binary-expr","locations":[{"start":{"line":219,"column":6},"end":{"line":219,"column":11}},{"start":{"line":219,"column":15},"end":{"line":219,"column":35}}],"line":219}},"s":{"0":2,"1":20,"2":20,"3":20,"4":20,"5":20,"6":20,"7":13,"8":3,"9":3,"10":20,"11":6,"12":6,"13":6,"14":2,"15":2,"16":20,"17":3,"18":2,"19":20,"20":4,"21":20,"22":8,"23":20,"24":2,"25":2,"26":1,"27":2,"28":14,"29":2,"30":28,"31":2},"f":{"0":20,"1":13,"2":6,"3":3,"4":4,"5":8,"6":2,"7":1,"8":14,"9":28},"b":{"0":[20,19,16],"1":[3,10],"2":[13,12],"3":[3,2],"4":[1,1],"5":[2,1],"6":[20,19,3],"7":[3,2,0],"8":[20,2],"9":[2,18],"10":[4,16],"11":[4,3],"12":[4,3],"13":[1,3],"14":[15,1],"15":[14,3]},"_coverageSchema":"1a1c01bbd47fc00a2c39e90264f33305004495a9","hash":"51b9abc7bfe443f893a09156a97d733c414a7917"}
,"/Users/crx/Desktop/tumipay-payin/src/features/payin/presentation/screens/PayInListScreen.tsx": {"path":"/Users/crx/Desktop/tumipay-payin/src/features/payin/presentation/screens/PayInListScreen.tsx","statementMap":{"0":{"start":{"line":29,"column":63},"end":{"line":192,"column":1}},"1":{"start":{"line":33,"column":21},"end":{"line":33,"column":62}},"2":{"start":{"line":34,"column":61},"end":{"line":34,"column":76}},"3":{"start":{"line":35,"column":38},"end":{"line":35,"column":53}},"4":{"start":{"line":36,"column":42},"end":{"line":36,"column":71}},"5":{"start":{"line":37,"column":34},"end":{"line":37,"column":46}},"6":{"start":{"line":39,"column":2},"end":{"line":41,"column":9}},"7":{"start":{"line":40,"column":4},"end":{"line":40,"column":17}},"8":{"start":{"line":43,"column":21},"end":{"line":49,"column":3}},"9":{"start":{"line":44,"column":4},"end":{"line":48,"column":5}},"10":{"start":{"line":45,"column":6},"end":{"line":45,"column":35}},"11":{"start":{"line":47,"column":6},"end":{"line":47,"column":51}},"12":{"start":{"line":51,"column":24},"end":{"line":58,"column":3}},"13":{"start":{"line":52,"column":4},"end":{"line":52,"column":24}},"14":{"start":{"line":53,"column":4},"end":{"line":57,"column":5}},"15":{"start":{"line":54,"column":6},"end":{"line":54,"column":35}},"16":{"start":{"line":56,"column":6},"end":{"line":56,"column":27}},"17":{"start":{"line":60,"column":25},"end":{"line":64,"column":4}},"18":{"start":{"line":61,"column":26},"end":{"line":61,"column":68}},"19":{"start":{"line":62,"column":22},"end":{"line":62,"column":86}},"20":{"start":{"line":63,"column":4},"end":{"line":63,"column":38}},"21":{"start":{"line":66,"column":27},"end":{"line":75,"column":3}},"22":{"start":{"line":67,"column":4},"end":{"line":67,"column":47}},"23":{"start":{"line":68,"column":4},"end":{"line":74,"column":5}},"24":{"start":{"line":70,"column":6},"end":{"line":70,"column":29}},"25":{"start":{"line":73,"column":6},"end":{"line":73,"column":54}},"26":{"start":{"line":77,"column":19},"end":{"line":83,"column":3}},"27":{"start":{"line":85,"column":2},"end":{"line":191,"column":4}},"28":{"start":{"line":104,"column":14},"end":{"line":104,"column":27}},"29":{"start":{"line":105,"column":14},"end":{"line":105,"column":27}},"30":{"start":{"line":129,"column":12},"end":{"line":145,"column":31}},"31":{"start":{"line":135,"column":29},"end":{"line":135,"column":73}},"32":{"start":{"line":157,"column":34},"end":{"line":157,"column":41}},"33":{"start":{"line":159,"column":12},"end":{"line":162,"column":14}},"34":{"start":{"line":161,"column":29},"end":{"line":161,"column":54}},"35":{"start":{"line":194,"column":15},"end":{"line":300,"column":2}}},"fnMap":{"0":{"name":"(anonymous_0)","decl":{"start":{"line":29,"column":63},"end":{"line":29,"column":64}},"loc":{"start":{"line":32,"column":6},"end":{"line":192,"column":1}},"line":32},"1":{"name":"(anonymous_1)","decl":{"start":{"line":39,"column":12},"end":{"line":39,"column":13}},"loc":{"start":{"line":39,"column":18},"end":{"line":41,"column":3}},"line":39},"2":{"name":"(anonymous_2)","decl":{"start":{"line":43,"column":21},"end":{"line":43,"column":22}},"loc":{"start":{"line":43,"column":33},"end":{"line":49,"column":3}},"line":43},"3":{"name":"(anonymous_3)","decl":{"start":{"line":51,"column":24},"end":{"line":51,"column":25}},"loc":{"start":{"line":51,"column":36},"end":{"line":58,"column":3}},"line":51},"4":{"name":"(anonymous_4)","decl":{"start":{"line":60,"column":39},"end":{"line":60,"column":40}},"loc":{"start":{"line":60,"column":46},"end":{"line":64,"column":3}},"line":60},"5":{"name":"(anonymous_5)","decl":{"start":{"line":66,"column":27},"end":{"line":66,"column":28}},"loc":{"start":{"line":66,"column":48},"end":{"line":75,"column":3}},"line":66},"6":{"name":"(anonymous_6)","decl":{"start":{"line":103,"column":22},"end":{"line":103,"column":23}},"loc":{"start":{"line":103,"column":28},"end":{"line":106,"column":13}},"line":103},"7":{"name":"(anonymous_7)","decl":{"start":{"line":128,"column":24},"end":{"line":128,"column":25}},"loc":{"start":{"line":129,"column":12},"end":{"line":145,"column":31}},"line":129},"8":{"name":"(anonymous_8)","decl":{"start":{"line":135,"column":23},"end":{"line":135,"column":24}},"loc":{"start":{"line":135,"column":29},"end":{"line":135,"column":73}},"line":135},"9":{"name":"(anonymous_9)","decl":{"start":{"line":157,"column":24},"end":{"line":157,"column":25}},"loc":{"start":{"line":157,"column":34},"end":{"line":157,"column":41}},"line":157},"10":{"name":"(anonymous_10)","decl":{"start":{"line":158,"column":22},"end":{"line":158,"column":23}},"loc":{"start":{"line":159,"column":12},"end":{"line":162,"column":14}},"line":159},"11":{"name":"(anonymous_11)","decl":{"start":{"line":161,"column":23},"end":{"line":161,"column":24}},"loc":{"start":{"line":161,"column":29},"end":{"line":161,"column":54}},"line":161}},"branchMap":{"0":{"loc":{"start":{"line":30,"column":2},"end":{"line":30,"column":25}},"type":"default-arg","locations":[{"start":{"line":30,"column":15},"end":{"line":30,"column":25}}],"line":30},"1":{"loc":{"start":{"line":61,"column":26},"end":{"line":61,"column":68}},"type":"binary-expr","locations":[{"start":{"line":61,"column":26},"end":{"line":61,"column":39}},{"start":{"line":61,"column":43},"end":{"line":61,"column":68}}],"line":61},"2":{"loc":{"start":{"line":62,"column":22},"end":{"line":62,"column":86}},"type":"binary-expr","locations":[{"start":{"line":62,"column":22},"end":{"line":62,"column":31}},{"start":{"line":62,"column":35},"end":{"line":62,"column":86}}],"line":62},"3":{"loc":{"start":{"line":63,"column":11},"end":{"line":63,"column":37}},"type":"binary-expr","locations":[{"start":{"line":63,"column":11},"end":{"line":63,"column":24}},{"start":{"line":63,"column":28},"end":{"line":63,"column":37}}],"line":63},"4":{"loc":{"start":{"line":68,"column":4},"end":{"line":74,"column":5}},"type":"if","locations":[{"start":{"line":68,"column":4},"end":{"line":74,"column":5}},{"start":{"line":71,"column":11},"end":{"line":74,"column":5}}],"line":68},"5":{"loc":{"start":{"line":97,"column":7},"end":{"line":109,"column":7}},"type":"binary-expr","locations":[{"start":{"line":97,"column":7},"end":{"line":97,"column":12}},{"start":{"line":98,"column":8},"end":{"line":108,"column":15}}],"line":97},"6":{"loc":{"start":{"line":133,"column":16},"end":{"line":133,"column":72}},"type":"binary-expr","locations":[{"start":{"line":133,"column":16},"end":{"line":133,"column":43}},{"start":{"line":133,"column":47},"end":{"line":133,"column":72}}],"line":133},"7":{"loc":{"start":{"line":140,"column":18},"end":{"line":140,"column":78}},"type":"binary-expr","locations":[{"start":{"line":140,"column":18},"end":{"line":140,"column":45}},{"start":{"line":140,"column":49},"end":{"line":140,"column":78}}],"line":140},"8":{"loc":{"start":{"line":150,"column":7},"end":{"line":187,"column":7}},"type":"cond-expr","locations":[{"start":{"line":151,"column":8},"end":{"line":153,"column":15}},{"start":{"line":154,"column":10},"end":{"line":187,"column":7}}],"line":150},"9":{"loc":{"start":{"line":150,"column":7},"end":{"line":150,"column":37}},"type":"binary-expr","locations":[{"start":{"line":150,"column":7},"end":{"line":150,"column":14}},{"start":{"line":150,"column":18},"end":{"line":150,"column":37}}],"line":150},"10":{"loc":{"start":{"line":154,"column":10},"end":{"line":187,"column":7}},"type":"cond-expr","locations":[{"start":{"line":155,"column":8},"end":{"line":173,"column":10}},{"start":{"line":175,"column":8},"end":{"line":186,"column":15}}],"line":154},"11":{"loc":{"start":{"line":179,"column":14},"end":{"line":181,"column":59}},"type":"cond-expr","locations":[{"start":{"line":180,"column":18},"end":{"line":180,"column":71}},{"start":{"line":181,"column":18},"end":{"line":181,"column":59}}],"line":179},"12":{"loc":{"start":{"line":189,"column":31},"end":{"line":189,"column":59}},"type":"binary-expr","locations":[{"start":{"line":189,"column":31},"end":{"line":189,"column":38}},{"start":{"line":189,"column":42},"end":{"line":189,"column":59}}],"line":189}},"s":{"0":2,"1":15,"2":15,"3":15,"4":15,"5":15,"6":15,"7":11,"8":15,"9":12,"10":12,"11":1,"12":15,"13":1,"14":1,"15":1,"16":1,"17":15,"18":24,"19":24,"20":24,"21":15,"22":2,"23":2,"24":1,"25":1,"26":15,"27":15,"28":1,"29":1,"30":75,"31":2,"32":31,"33":20,"34":2,"35":2},"f":{"0":15,"1":11,"2":12,"3":1,"4":24,"5":2,"6":1,"7":75,"8":2,"9":31,"10":20,"11":2},"b":{"0":[11],"1":[24,4],"2":[24,2],"3":[24,21],"4":[1,1],"5":[15,1],"6":[75,15],"7":[75,15],"8":[1,14],"9":[15,2],"10":[11,3],"11":[1,2],"12":[15,2]},"_coverageSchema":"1a1c01bbd47fc00a2c39e90264f33305004495a9","hash":"813fca8742d85fcd5903ad073056511a91795980"}
,"/Users/crx/Desktop/tumipay-payin/src/shared/index.ts": {"path":"/Users/crx/Desktop/tumipay-payin/src/shared/index.ts","statementMap":{},"fnMap":{},"branchMap":{},"s":{},"f":{},"b":{},"_coverageSchema":"1a1c01bbd47fc00a2c39e90264f33305004495a9","hash":"63ec3a633d563070e063e9e865e91dcccf8df6e2"}
,"/Users/crx/Desktop/tumipay-payin/src/shared/components/EmptyState.tsx": {"path":"/Users/crx/Desktop/tumipay-payin/src/shared/components/EmptyState.tsx","statementMap":{"0":{"start":{"line":19,"column":53},"end":{"line":40,"column":1}},"1":{"start":{"line":26,"column":2},"end":{"line":39,"column":4}},"2":{"start":{"line":42,"column":15},"end":{"line":81,"column":2}}},"fnMap":{"0":{"name":"(anonymous_0)","decl":{"start":{"line":19,"column":53},"end":{"line":19,"column":54}},"loc":{"start":{"line":25,"column":6},"end":{"line":40,"column":1}},"line":25}},"branchMap":{"0":{"loc":{"start":{"line":33,"column":7},"end":{"line":37,"column":7}},"type":"binary-expr","locations":[{"start":{"line":33,"column":7},"end":{"line":33,"column":18}},{"start":{"line":33,"column":22},"end":{"line":33,"column":30}},{"start":{"line":34,"column":8},"end":{"line":36,"column":27}}],"line":33}},"s":{"0":5,"1":16,"2":5},"f":{"0":16},"b":{"0":[16,2,2]},"_coverageSchema":"1a1c01bbd47fc00a2c39e90264f33305004495a9","hash":"3b6e037820dc89e634dd4dc413cfe46eb6513a53"}
,"/Users/crx/Desktop/tumipay-payin/src/shared/components/ErrorMessage.tsx": {"path":"/Users/crx/Desktop/tumipay-payin/src/shared/components/ErrorMessage.tsx","statementMap":{"0":{"start":{"line":19,"column":57},"end":{"line":37,"column":1}},"1":{"start":{"line":26,"column":2},"end":{"line":36,"column":4}},"2":{"start":{"line":39,"column":15},"end":{"line":72,"column":2}}},"fnMap":{"0":{"name":"(anonymous_0)","decl":{"start":{"line":19,"column":57},"end":{"line":19,"column":58}},"loc":{"start":{"line":25,"column":6},"end":{"line":37,"column":1}},"line":25}},"branchMap":{"0":{"loc":{"start":{"line":30,"column":7},"end":{"line":34,"column":7}},"type":"binary-expr","locations":[{"start":{"line":30,"column":7},"end":{"line":30,"column":18}},{"start":{"line":30,"column":22},"end":{"line":30,"column":30}},{"start":{"line":31,"column":8},"end":{"line":33,"column":27}}],"line":30}},"s":{"0":5,"1":5,"2":5},"f":{"0":5},"b":{"0":[5,5,5]},"_coverageSchema":"1a1c01bbd47fc00a2c39e90264f33305004495a9","hash":"7d357f678362e1156878265165c17ddaa6dc4d6f"}
,"/Users/crx/Desktop/tumipay-payin/src/shared/components/LoadingOverlay.tsx": {"path":"/Users/crx/Desktop/tumipay-payin/src/shared/components/LoadingOverlay.tsx","statementMap":{"0":{"start":{"line":10,"column":61},"end":{"line":23,"column":1}},"1":{"start":{"line":14,"column":2},"end":{"line":14,"column":28}},"2":{"start":{"line":14,"column":16},"end":{"line":14,"column":28}},"3":{"start":{"line":16,"column":2},"end":{"line":22,"column":4}},"4":{"start":{"line":25,"column":15},"end":{"line":39,"column":2}}},"fnMap":{"0":{"name":"(anonymous_0)","decl":{"start":{"line":10,"column":61},"end":{"line":10,"column":62}},"loc":{"start":{"line":13,"column":6},"end":{"line":23,"column":1}},"line":13}},"branchMap":{"0":{"loc":{"start":{"line":12,"column":2},"end":{"line":12,"column":24}},"type":"default-arg","locations":[{"start":{"line":12,"column":12},"end":{"line":12,"column":24}}],"line":12},"1":{"loc":{"start":{"line":14,"column":2},"end":{"line":14,"column":28}},"type":"if","locations":[{"start":{"line":14,"column":2},"end":{"line":14,"column":28}},{"start":{},"end":{}}],"line":14}},"s":{"0":5,"1":61,"2":57,"3":4,"4":5},"f":{"0":61},"b":{"0":[14],"1":[57,4]},"_coverageSchema":"1a1c01bbd47fc00a2c39e90264f33305004495a9","hash":"3e61f4a914728cbc4897a05efd31b8d2a7368c77"}
,"/Users/crx/Desktop/tumipay-payin/src/shared/storage/authTokenStorage.ts": {"path":"/Users/crx/Desktop/tumipay-payin/src/shared/storage/authTokenStorage.ts","statementMap":{"0":{"start":{"line":3,"column":25},"end":{"line":3,"column":46}},"1":{"start":{"line":4,"column":26},"end":{"line":4,"column":48}},"2":{"start":{"line":6,"column":32},"end":{"line":27,"column":1}},"3":{"start":{"line":8,"column":4},"end":{"line":8,"column":54}},"4":{"start":{"line":12,"column":4},"end":{"line":12,"column":61}},"5":{"start":{"line":16,"column":4},"end":{"line":16,"column":55}},"6":{"start":{"line":20,"column":4},"end":{"line":20,"column":62}},"7":{"start":{"line":24,"column":4},"end":{"line":24,"column":56}},"8":{"start":{"line":25,"column":4},"end":{"line":25,"column":57}}},"fnMap":{"0":{"name":"(anonymous_0)","decl":{"start":{"line":7,"column":2},"end":{"line":7,"column":3}},"loc":{"start":{"line":7,"column":43},"end":{"line":9,"column":3}},"line":7},"1":{"name":"(anonymous_1)","decl":{"start":{"line":11,"column":2},"end":{"line":11,"column":3}},"loc":{"start":{"line":11,"column":47},"end":{"line":13,"column":3}},"line":11},"2":{"name":"(anonymous_2)","decl":{"start":{"line":15,"column":2},"end":{"line":15,"column":3}},"loc":{"start":{"line":15,"column":44},"end":{"line":17,"column":3}},"line":15},"3":{"name":"(anonymous_3)","decl":{"start":{"line":19,"column":2},"end":{"line":19,"column":3}},"loc":{"start":{"line":19,"column":48},"end":{"line":21,"column":3}},"line":19},"4":{"name":"(anonymous_4)","decl":{"start":{"line":23,"column":2},"end":{"line":23,"column":3}},"loc":{"start":{"line":23,"column":31},"end":{"line":26,"column":3}},"line":23}},"branchMap":{},"s":{"0":7,"1":7,"2":7,"3":1,"4":1,"5":1,"6":1,"7":1,"8":1},"f":{"0":1,"1":1,"2":1,"3":1,"4":1},"b":{},"_coverageSchema":"1a1c01bbd47fc00a2c39e90264f33305004495a9","hash":"700b44a57c3d420a4b24fa73d7c3a2f4db8dc56b"}
,"/Users/crx/Desktop/tumipay-payin/src/shared/utils/errorHandler.ts": {"path":"/Users/crx/Desktop/tumipay-payin/src/shared/utils/errorHandler.ts","statementMap":{"0":{"start":{"line":7,"column":4},"end":{"line":7,"column":19}},"1":{"start":{"line":8,"column":4},"end":{"line":8,"column":33}},"2":{"start":{"line":9,"column":4},"end":{"line":9,"column":27}},"3":{"start":{"line":10,"column":4},"end":{"line":10,"column":52}},"4":{"start":{"line":18,"column":4},"end":{"line":18,"column":19}},"5":{"start":{"line":19,"column":4},"end":{"line":19,"column":27}},"6":{"start":{"line":20,"column":4},"end":{"line":20,"column":59}},"7":{"start":{"line":31,"column":27},"end":{"line":61,"column":1}},"8":{"start":{"line":32,"column":2},"end":{"line":39,"column":3}},"9":{"start":{"line":33,"column":4},"end":{"line":38,"column":6}},"10":{"start":{"line":41,"column":2},"end":{"line":46,"column":3}},"11":{"start":{"line":42,"column":4},"end":{"line":45,"column":6}},"12":{"start":{"line":48,"column":2},"end":{"line":55,"column":3}},"13":{"start":{"line":49,"column":4},"end":{"line":54,"column":6}},"14":{"start":{"line":57,"column":2},"end":{"line":60,"column":4}},"15":{"start":{"line":63,"column":31},"end":{"line":68,"column":1}},"16":{"start":{"line":64,"column":2},"end":{"line":66,"column":3}},"17":{"start":{"line":65,"column":4},"end":{"line":65,"column":25}},"18":{"start":{"line":67,"column":2},"end":{"line":67,"column":37}}},"fnMap":{"0":{"name":"(anonymous_0)","decl":{"start":{"line":6,"column":2},"end":{"line":6,"column":3}},"loc":{"start":{"line":6,"column":76},"end":{"line":11,"column":3}},"line":6},"1":{"name":"(anonymous_1)","decl":{"start":{"line":17,"column":2},"end":{"line":17,"column":3}},"loc":{"start":{"line":17,"column":65},"end":{"line":21,"column":3}},"line":17},"2":{"name":"(anonymous_2)","decl":{"start":{"line":31,"column":27},"end":{"line":31,"column":28}},"loc":{"start":{"line":31,"column":62},"end":{"line":61,"column":1}},"line":31},"3":{"name":"(anonymous_3)","decl":{"start":{"line":63,"column":31},"end":{"line":63,"column":32}},"loc":{"start":{"line":63,"column":59},"end":{"line":68,"column":1}},"line":63}},"branchMap":{"0":{"loc":{"start":{"line":6,"column":31},"end":{"line":6,"column":55}},"type":"default-arg","locations":[{"start":{"line":6,"column":52},"end":{"line":6,"column":55}}],"line":6},"1":{"loc":{"start":{"line":32,"column":2},"end":{"line":39,"column":3}},"type":"if","locations":[{"start":{"line":32,"column":2},"end":{"line":39,"column":3}},{"start":{},"end":{}}],"line":32},"2":{"loc":{"start":{"line":36,"column":8},"end":{"line":36,"column":72}},"type":"binary-expr","locations":[{"start":{"line":36,"column":8},"end":{"line":36,"column":21}},{"start":{"line":36,"column":25},"end":{"line":36,"column":72}}],"line":36},"3":{"loc":{"start":{"line":41,"column":2},"end":{"line":46,"column":3}},"type":"if","locations":[{"start":{"line":41,"column":2},"end":{"line":46,"column":3}},{"start":{},"end":{}}],"line":41},"4":{"loc":{"start":{"line":44,"column":15},"end":{"line":44,"column":78}},"type":"binary-expr","locations":[{"start":{"line":44,"column":15},"end":{"line":44,"column":28}},{"start":{"line":44,"column":32},"end":{"line":44,"column":78}}],"line":44},"5":{"loc":{"start":{"line":48,"column":2},"end":{"line":55,"column":3}},"type":"if","locations":[{"start":{"line":48,"column":2},"end":{"line":55,"column":3}},{"start":{},"end":{}}],"line":48},"6":{"loc":{"start":{"line":48,"column":6},"end":{"line":48,"column":65}},"type":"binary-expr","locations":[{"start":{"line":48,"column":6},"end":{"line":48,"column":28}},{"start":{"line":48,"column":32},"end":{"line":48,"column":65}}],"line":48},"7":{"loc":{"start":{"line":59,"column":13},"end":{"line":59,"column":81}},"type":"cond-expr","locations":[{"start":{"line":59,"column":38},"end":{"line":59,"column":51}},{"start":{"line":59,"column":54},"end":{"line":59,"column":81}}],"line":59},"8":{"loc":{"start":{"line":64,"column":2},"end":{"line":66,"column":3}},"type":"if","locations":[{"start":{"line":64,"column":2},"end":{"line":66,"column":3}},{"start":{},"end":{}}],"line":64}},"s":{"0":15,"1":15,"2":15,"3":15,"4":4,"5":4,"6":4,"7":6,"8":7,"9":2,"10":5,"11":2,"12":3,"13":1,"14":2,"15":6,"16":2,"17":1,"18":1},"f":{"0":15,"1":4,"2":7,"3":2},"b":{"0":[1],"1":[2,5],"2":[2,1],"3":[2,3],"4":[2,1],"5":[1,2],"6":[3,2],"7":[1,1],"8":[1,1]},"_coverageSchema":"1a1c01bbd47fc00a2c39e90264f33305004495a9","hash":"c04d021f2c454863d196808ff88f6dbc97928e80"}
}
