TN:
SF:src/config/env.ts
FN:7,(anonymous_0)
FNF:1
FNH:1
FNDA:32,(anonymous_0)
DA:7,16
DA:8,32
DA:9,0
DA:12,32
DA:15,16
LF:5
LH:4
BRDA:8,0,0,0
BRDA:8,0,1,32
BRDA:17,1,0,16
BRDA:17,1,1,16
BRF:4
BRH:3
end_of_record
TN:
SF:src/features/payin/index.ts
FNF:0
FNH:0
LF:0
LH:0
BRF:0
BRH:0
end_of_record
TN:
SF:src/features/payin/application/useCases/createPayIn.ts
FN:9,(anonymous_0)
FN:11,(anonymous_1)
FNF:2
FNH:2
FNDA:11,(anonymous_0)
FNDA:15,(anonymous_1)
DA:13,15
DA:14,1
DA:16,14
DA:17,2
DA:19,12
DA:20,1
DA:22,11
DA:23,1
DA:27,10
LF:9
LH:9
BRDA:13,0,0,1
BRDA:13,0,1,14
BRDA:16,1,0,2
BRDA:16,1,1,12
BRDA:16,2,0,14
BRDA:16,2,1,13
BRDA:19,3,0,1
BRDA:19,3,1,11
BRDA:22,4,0,1
BRDA:22,4,1,10
BRF:10
BRH:10
end_of_record
TN:
SF:src/features/payin/application/useCases/getPayInById.ts
FN:6,(anonymous_0)
FN:8,(anonymous_1)
FNF:2
FNH:2
FNDA:10,(anonymous_0)
FNDA:15,(anonymous_1)
DA:9,15
DA:10,3
DA:13,12
LF:3
LH:3
BRDA:9,0,0,3
BRDA:9,0,1,12
BRF:2
BRH:2
end_of_record
TN:
SF:src/features/payin/application/useCases/listPayIns.ts
FN:6,(anonymous_0)
FN:8,(anonymous_1)
FNF:2
FNH:2
FNDA:16,(anonymous_0)
FNDA:16,(anonymous_1)
DA:9,16
DA:10,3
DA:13,13
LF:3
LH:3
BRDA:9,0,0,3
BRDA:9,0,1,13
BRF:2
BRH:2
end_of_record
TN:
SF:src/features/payin/domain/entities/PayIn.ts
FNF:0
FNH:0
LF:0
LH:0
BRF:0
BRH:0
end_of_record
TN:
SF:src/features/payin/infrastructure/api/payInApiAdapter.ts
FN:13,(anonymous_0)
FN:25,(anonymous_1)
FN:34,(anonymous_2)
FN:46,(anonymous_3)
FNF:4
FNH:4
FNDA:22,(anonymous_0)
FNDA:15,(anonymous_1)
FNDA:11,(anonymous_2)
FNDA:11,(anonymous_3)
DA:14,22
DA:15,22
DA:19,16
DA:21,6
DA:26,15
DA:27,15
DA:28,11
DA:30,4
DA:35,11
DA:36,11
DA:37,11
DA:40,10
DA:42,1
DA:47,11
DA:48,10
DA:49,8
DA:50,8
DA:51,8
DA:53,8
DA:59,2
DA:61,1
LF:21
LH:21
BRDA:47,0,0,10
BRDA:47,0,1,1
BRDA:48,1,0,8
BRDA:48,1,1,2
BRDA:54,2,0,8
BRDA:54,2,1,1
BRDA:55,3,0,8
BRDA:55,3,1,1
BRF:8
BRH:8
end_of_record
TN:
SF:src/features/payin/infrastructure/api/payInEndpoints.ts
FN:3,(anonymous_0)
FN:4,(anonymous_1)
FNF:2
FNH:2
FNDA:15,(anonymous_0)
FNDA:11,(anonymous_1)
DA:1,2
DA:3,15
DA:5,11
LF:3
LH:3
BRF:0
BRH:0
end_of_record
TN:
SF:src/features/payin/infrastructure/api/payInMockAdapter.ts
FN:48,(anonymous_0)
FN:50,(anonymous_1)
FN:71,(anonymous_2)
FN:73,(anonymous_3)
FN:82,(anonymous_4)
FN:85,(anonymous_5)
FN:88,(anonymous_6)
FNF:7
FNH:7
FNDA:25,(anonymous_0)
FNDA:25,(anonymous_1)
FNDA:12,(anonymous_2)
FNDA:12,(anonymous_3)
FNDA:15,(anonymous_4)
FNDA:15,(anonymous_5)
FNDA:214,(anonymous_6)
DA:10,2
DA:50,25
DA:52,25
DA:54,25
DA:66,25
DA:68,25
DA:73,12
DA:75,12
DA:76,12
DA:77,2
DA:79,10
DA:83,15
DA:85,15
DA:87,15
DA:88,214
LF:15
LH:15
BRDA:76,0,0,2
BRDA:76,0,1,10
BRF:2
BRH:2
end_of_record
TN:
SF:src/features/payin/infrastructure/http/httpClient.ts
FN:13,(anonymous_0)
FN:24,(anonymous_1)
FN:32,(anonymous_2)
FN:37,(anonymous_3)
FN:38,(anonymous_4)
FN:46,(anonymous_5)
FN:50,(anonymous_6)
FN:57,(anonymous_7)
FN:65,(anonymous_8)
FN:73,(anonymous_9)
FN:80,(anonymous_10)
FN:84,(anonymous_11)
FNF:12
FNH:12
FNDA:23,(anonymous_0)
FNDA:2,(anonymous_1)
FNDA:1,(anonymous_2)
FNDA:1,(anonymous_3)
FNDA:1,(anonymous_4)
FNDA:2,(anonymous_5)
FNDA:1,(anonymous_6)
FNDA:1,(anonymous_7)
FNDA:1,(anonymous_8)
FNDA:1,(anonymous_9)
FNDA:1,(anonymous_10)
FNDA:1,(anonymous_11)
DA:14,23
DA:23,23
DA:26,2
DA:27,2
DA:28,1
DA:30,2
DA:32,1
DA:36,23
DA:37,1
DA:40,1
DA:41,1
DA:47,2
DA:54,1
DA:62,1
DA:70,1
DA:77,1
DA:81,1
DA:85,1
DA:90,16
LF:19
LH:19
BRDA:13,0,0,21
BRDA:27,1,0,1
BRDA:27,1,1,1
BRF:3
BRH:3
end_of_record
TN:
SF:src/features/payin/presentation/components/PayInCard.tsx
FN:18,(anonymous_0)
FN:19,(anonymous_1)
FN:26,(anonymous_2)
FNF:3
FNH:3
FNDA:43,(anonymous_0)
FNDA:43,(anonymous_1)
FNDA:43,(anonymous_2)
DA:18,2
DA:19,43
DA:20,43
DA:26,43
DA:27,43
DA:36,43
DA:90,2
LF:7
LH:7
BRDA:67,0,0,43
BRDA:67,0,1,42
BRDA:79,1,0,43
BRDA:79,1,1,12
BRF:4
BRH:4
end_of_record
TN:
SF:src/features/payin/presentation/components/PayInStatusBadge.tsx
FN:10,(anonymous_0)
FN:13,(anonymous_1)
FNF:2
FNH:2
FNDA:60,(anonymous_0)
FNDA:60,(anonymous_1)
DA:10,4
DA:13,60
DA:14,60
DA:16,15
DA:22,3
DA:28,23
DA:34,19
DA:40,0
DA:48,60
DA:50,60
DA:67,4
LF:11
LH:10
BRDA:14,0,0,15
BRDA:14,0,1,3
BRDA:14,0,2,23
BRDA:14,0,3,19
BRDA:14,0,4,0
BRF:5
BRH:4
end_of_record
TN:
SF:src/features/payin/presentation/screens/CreatePayInScreen.tsx
FN:22,(anonymous_0)
FN:37,(anonymous_1)
FN:57,(anonymous_2)
FN:67,(anonymous_3)
FN:120,(anonymous_4)
FN:143,(anonymous_5)
FN:160,(anonymous_6)
FN:181,(anonymous_7)
FN:200,(anonymous_8)
FN:225,(anonymous_9)
FNF:10
FNH:10
FNDA:28,(anonymous_0)
FNDA:5,(anonymous_1)
FNDA:5,(anonymous_2)
FNDA:1,(anonymous_3)
FNDA:2,(anonymous_4)
FNDA:5,(anonymous_5)
FNDA:2,(anonymous_6)
FNDA:4,(anonymous_7)
FNDA:1,(anonymous_8)
FNDA:112,(anonymous_9)
DA:22,2
DA:25,28
DA:27,28
DA:35,28
DA:37,28
DA:38,5
DA:40,5
DA:41,1
DA:43,5
DA:44,2
DA:46,5
DA:47,1
DA:49,5
DA:50,1
DA:53,5
DA:54,5
DA:57,28
DA:58,5
DA:59,3
DA:62,2
DA:63,2
DA:64,1
DA:69,1
DA:76,1
DA:77,1
DA:83,1
DA:87,28
DA:121,2
DA:144,5
DA:161,2
DA:182,4
DA:201,1
DA:225,2
DA:229,112
DA:235,2
LF:35
LH:35
BRDA:40,0,0,1
BRDA:40,0,1,4
BRDA:43,1,0,2
BRDA:43,1,1,3
BRDA:43,2,0,5
BRDA:43,2,1,3
BRDA:46,3,0,1
BRDA:46,3,1,4
BRDA:49,4,0,1
BRDA:49,4,1,4
BRDA:58,5,0,3
BRDA:58,5,1,2
BRDA:89,6,0,28
BRDA:89,6,1,0
BRDA:100,7,0,28
BRDA:100,7,1,1
BRDA:116,8,0,28
BRDA:116,8,1,1
BRDA:125,9,0,28
BRDA:125,9,1,1
BRDA:138,10,0,28
BRDA:138,10,1,2
BRDA:142,11,0,12
BRDA:142,11,1,16
BRDA:146,12,0,4
BRDA:146,12,1,1
BRDA:155,13,0,28
BRDA:155,13,1,1
BRDA:166,14,0,28
BRDA:166,14,1,2
BRDA:177,15,0,28
BRDA:177,15,1,1
BRDA:186,16,0,28
BRDA:186,16,1,1
BRDA:199,17,0,28
BRDA:199,17,1,27
BRDA:211,18,0,28
BRDA:211,18,1,1
BRDA:216,19,0,1
BRDA:216,19,1,27
BRDA:231,20,0,112
BRDA:231,20,1,84
BRF:42
BRH:41
end_of_record
TN:
SF:src/features/payin/presentation/screens/PayInDetailScreen.tsx
FN:26,(anonymous_0)
FN:36,(anonymous_1)
FN:43,(anonymous_2)
FN:53,(anonymous_3)
FN:59,(anonymous_4)
FN:66,(anonymous_5)
FN:93,(anonymous_6)
FN:191,(anonymous_7)
FN:212,(anonymous_8)
FN:230,(anonymous_9)
FNF:10
FNH:10
FNDA:20,(anonymous_0)
FNDA:13,(anonymous_1)
FNDA:6,(anonymous_2)
FNDA:3,(anonymous_3)
FNDA:4,(anonymous_4)
FNDA:8,(anonymous_5)
FNDA:2,(anonymous_6)
FNDA:1,(anonymous_7)
FNDA:14,(anonymous_8)
FNDA:28,(anonymous_9)
DA:26,2
DA:29,20
DA:30,20
DA:32,20
DA:33,20
DA:34,20
DA:36,20
DA:37,13
DA:38,3
DA:39,3
DA:43,20
DA:44,6
DA:45,6
DA:46,6
DA:48,2
DA:49,2
DA:53,20
DA:54,3
DA:55,2
DA:59,20
DA:60,4
DA:66,20
DA:67,8
DA:78,20
DA:94,2
DA:95,2
DA:191,1
DA:212,2
DA:216,14
DA:230,2
DA:231,28
DA:237,2
LF:32
LH:32
BRDA:33,0,0,20
BRDA:33,0,1,19
BRDA:33,0,2,16
BRDA:37,1,0,3
BRDA:37,1,1,10
BRDA:37,2,0,13
BRDA:37,2,1,12
BRDA:38,3,0,3
BRDA:38,3,1,2
BRDA:48,4,0,1
BRDA:48,4,1,1
BRDA:54,5,0,2
BRDA:54,5,1,1
BRDA:88,6,0,20
BRDA:88,6,1,19
BRDA:88,6,2,3
BRDA:91,7,0,3
BRDA:91,7,1,2
BRDA:91,7,2,0
BRDA:111,8,0,20
BRDA:111,8,1,2
BRDA:115,9,0,2
BRDA:115,9,1,18
BRDA:124,10,0,4
BRDA:124,10,1,16
BRDA:159,11,0,4
BRDA:159,11,1,3
BRDA:180,12,0,4
BRDA:180,12,1,3
BRDA:195,13,0,1
BRDA:195,13,1,3
BRDA:199,14,0,15
BRDA:199,14,1,1
BRDA:219,15,0,14
BRDA:219,15,1,3
BRF:35
BRH:34
end_of_record
TN:
SF:src/features/payin/presentation/screens/PayInListScreen.tsx
FN:29,(anonymous_0)
FN:39,(anonymous_1)
FN:43,(anonymous_2)
FN:51,(anonymous_3)
FN:60,(anonymous_4)
FN:66,(anonymous_5)
FN:103,(anonymous_6)
FN:128,(anonymous_7)
FN:135,(anonymous_8)
FN:157,(anonymous_9)
FN:158,(anonymous_10)
FN:161,(anonymous_11)
FNF:12
FNH:12
FNDA:15,(anonymous_0)
FNDA:11,(anonymous_1)
FNDA:12,(anonymous_2)
FNDA:1,(anonymous_3)
FNDA:24,(anonymous_4)
FNDA:2,(anonymous_5)
FNDA:1,(anonymous_6)
FNDA:75,(anonymous_7)
FNDA:2,(anonymous_8)
FNDA:31,(anonymous_9)
FNDA:20,(anonymous_10)
FNDA:2,(anonymous_11)
DA:29,2
DA:33,15
DA:34,15
DA:35,15
DA:36,15
DA:37,15
DA:39,15
DA:40,11
DA:43,15
DA:44,12
DA:45,12
DA:47,1
DA:51,15
DA:52,1
DA:53,1
DA:54,1
DA:56,1
DA:60,15
DA:61,24
DA:62,24
DA:63,24
DA:66,15
DA:67,2
DA:68,2
DA:70,1
DA:73,1
DA:77,15
DA:85,15
DA:104,1
DA:105,1
DA:129,75
DA:135,2
DA:157,31
DA:159,20
DA:161,2
DA:194,2
LF:36
LH:36
BRDA:30,0,0,11
BRDA:61,1,0,24
BRDA:61,1,1,4
BRDA:62,2,0,24
BRDA:62,2,1,2
BRDA:63,3,0,24
BRDA:63,3,1,21
BRDA:68,4,0,1
BRDA:68,4,1,1
BRDA:97,5,0,15
BRDA:97,5,1,1
BRDA:133,6,0,75
BRDA:133,6,1,15
BRDA:140,7,0,75
BRDA:140,7,1,15
BRDA:150,8,0,1
BRDA:150,8,1,14
BRDA:150,9,0,15
BRDA:150,9,1,2
BRDA:154,10,0,11
BRDA:154,10,1,3
BRDA:179,11,0,1
BRDA:179,11,1,2
BRDA:189,12,0,15
BRDA:189,12,1,2
BRF:25
BRH:25
end_of_record
TN:
SF:src/shared/index.ts
FNF:0
FNH:0
LF:0
LH:0
BRF:0
BRH:0
end_of_record
TN:
SF:src/shared/components/EmptyState.tsx
FN:19,(anonymous_0)
FNF:1
FNH:1
FNDA:16,(anonymous_0)
DA:19,5
DA:26,16
DA:42,5
LF:3
LH:3
BRDA:33,0,0,16
BRDA:33,0,1,2
BRDA:33,0,2,2
BRF:3
BRH:3
end_of_record
TN:
SF:src/shared/components/ErrorMessage.tsx
FN:19,(anonymous_0)
FNF:1
FNH:1
FNDA:5,(anonymous_0)
DA:19,5
DA:26,5
DA:39,5
LF:3
LH:3
BRDA:30,0,0,5
BRDA:30,0,1,5
BRDA:30,0,2,5
BRF:3
BRH:3
end_of_record
TN:
SF:src/shared/components/LoadingOverlay.tsx
FN:10,(anonymous_0)
FNF:1
FNH:1
FNDA:61,(anonymous_0)
DA:10,5
DA:14,61
DA:16,4
DA:25,5
LF:4
LH:4
BRDA:12,0,0,14
BRDA:14,1,0,57
BRDA:14,1,1,4
BRF:3
BRH:3
end_of_record
TN:
SF:src/shared/storage/authTokenStorage.ts
FN:7,(anonymous_0)
FN:11,(anonymous_1)
FN:15,(anonymous_2)
FN:19,(anonymous_3)
FN:23,(anonymous_4)
FNF:5
FNH:5
FNDA:1,(anonymous_0)
FNDA:1,(anonymous_1)
FNDA:1,(anonymous_2)
FNDA:1,(anonymous_3)
FNDA:1,(anonymous_4)
DA:3,7
DA:4,7
DA:6,7
DA:8,1
DA:12,1
DA:16,1
DA:20,1
DA:24,1
DA:25,1
LF:9
LH:9
BRF:0
BRH:0
end_of_record
TN:
SF:src/shared/utils/errorHandler.ts
FN:6,(anonymous_0)
FN:17,(anonymous_1)
FN:31,(anonymous_2)
FN:63,(anonymous_3)
FNF:4
FNH:4
FNDA:15,(anonymous_0)
FNDA:4,(anonymous_1)
FNDA:7,(anonymous_2)
FNDA:2,(anonymous_3)
DA:7,15
DA:8,15
DA:9,15
DA:10,15
DA:18,4
DA:19,4
DA:20,4
DA:31,6
DA:32,7
DA:33,2
DA:41,5
DA:42,2
DA:48,3
DA:49,1
DA:57,2
DA:63,6
DA:64,2
DA:65,1
DA:67,1
LF:19
LH:19
BRDA:6,0,0,1
BRDA:32,1,0,2
BRDA:32,1,1,5
BRDA:36,2,0,2
BRDA:36,2,1,1
BRDA:41,3,0,2
BRDA:41,3,1,3
BRDA:44,4,0,2
BRDA:44,4,1,1
BRDA:48,5,0,1
BRDA:48,5,1,2
BRDA:48,6,0,3
BRDA:48,6,1,2
BRDA:59,7,0,1
BRDA:59,7,1,1
BRDA:64,8,0,1
BRDA:64,8,1,1
BRF:17
BRH:17
end_of_record
